     *** ECHO OF THE INPUT DATA STARTS ***

Fortran Plate Bending Dynamic (same mesh/load/time values)                      
3 0 2 0                                                                         
1 4 1 0                                                                         
2 2                                                                             
0.0 1.0 1.0                                                                     
0.0 1.0 1.0                                                                     
24                                                                              
1 1 1 2 1 3 2 1 2 2 2 3 3 1 3 2 3 3 4 1 4 2 4 3 6 1 6 2 6 3 7 1 7 2 7 3 8 1 8 2 
0.0 0.0 0.0 0.0 0.0 0.0 0.0 0.0 0.0 0.0 0.0 0.0 0.0 0.0 0.0 0.0 0.0 0.0 0.0 0.0 
0                                                                               
210000.0 210000.0 0.30 80000.0 80000.0 80000.0 0.01                             
100.0 0.0 0.0                                                                   
5.0 0.0 0.0                                                                     
20 21 1 0                                                                       
0.01 0.25 0.5 1.0E-6                                                            
     **** ECHO OF THE INPUT DATA ENDS ****

Fortran Plate Bending Dynamic (same mesh/load/time values)                      
  ______________________________________________________________________

            OUTPUT  from  program *** FEM2D *** by J. N. REDDY
  ______________________________________________________________________


                A  PLATE   BENDING   PROBLEM  IS  ANALYZED
                *** using the shear deformation theory ***

     MATERIAL PROPERTIES OF THE SOLID ANALYZED:

        Thickness of the body, THKNS ............=  0.1000E-01
        Modulus of elasticity, E1 ...............=  0.2100E+06
        Modulus of elasticity, E2 ...............=  0.2100E+06
        Poisson s ratio, ANU12 ..................=  0.3000E+00
        Shear modulus, G12 ......................=  0.8000E+05
        Shear modulus, G13 ......................=  0.8000E+05
        Shear modulus, G23 ......................=  0.8000E+05


     CONTINUOUS SOURCE COEFFICIENTS:

        Coefficient, F0  ........................=  0.1000E+03
        Coefficient, FX  ........................=  0.0000E+00
        Coefficient, FY  ........................=  0.0000E+00


        ******** A TRANSIENT PROBLEM  is analyzed ********

     PARAMETERS OF THE DYNAMIC ANALYSIS:

        Coefficient, C0 .........................=  0.5000E-01
        Coefficient, CX .........................=  0.4167E-06
        Coefficient, CY .........................=  0.4167E-06
        Time increment used, DT .................=  0.1000E-01
        Parameter, ALFA .........................=  0.2500E+00
        Parameter, GAMA .........................=  0.5000E+00
        Number of time steps used, NTIME ........=  20
        Time step at which load is removed, NSTP.=  21
        Time interval at which soln. is printed..=   1


        *** A mesh of QUADRILATERALS is chosen by user ***

     FINITE ELEMENT MESH INFORMATION:

        Element type: 0 = Triangle; >0 = Quad.)..=   1
        Number of nodes per element, NPE ........=   4
        No. of primary deg. of freedom/node, NDF =   3
        Number of elements in the mesh, NEM .....=   4
        Number of nodes in the mesh, NNM ........=   9
        Number of equations to be solved, NEQ ...=  27
        Half bandwidth of the matrix GLK, NHBW ..=  15
        Mesh subdivisions, NX and NY ............=   2   2

        No. of specified PRIMARY variables, NSPV =  24
  ______________________________________________________________________

     Node   x-coord.   y-coord.    Speci. primary & secondary variables
                                      (0, unspecified; >0, specified)
                                         Primary DOF  Secondary DOF
  ______________________________________________________________________

       1  0.0000E+00  0.0000E+00          1   2   3     0   0   0
       2  0.1000E+01  0.0000E+00          1   2   3     0   0   0
       3  0.2000E+01  0.0000E+00          1   2   3     0   0   0
       4  0.0000E+00  0.1000E+01          1   2   3     0   0   0
       5  0.1000E+01  0.1000E+01          0   0   0     0   0   0
       6  0.2000E+01  0.1000E+01          1   2   3     0   0   0
       7  0.0000E+00  0.2000E+01          1   2   3     0   0   0
       8  0.1000E+01  0.2000E+01          1   2   3     0   0   0
       9  0.2000E+01  0.2000E+01          1   2   3     0   0   0
  ______________________________________________________________________


     NUMERICAL INTEGRATION DATA:

        Full quadrature (IPDF x IPDF) rule, IPDF =   2
        Reduced quadrature (IPDR x IPDR),   IPDR =   1
        Quadrature rule used in postproc.,  ISTR =   1


     *TIME* = 0.10000E-01     Time Step Number =  1

     S O L U T I O N :

  _____________________________________________________________________________

     Node    x-coord.      y-coord.     deflec. w    x-rotation    y-rotation
  _____________________________________________________________________________

       1   0.00000E+00   0.00000E+00   0.00000E+00   0.00000E+00   0.00000E+00
       2   0.10000E+01   0.00000E+00   0.00000E+00   0.00000E+00   0.00000E+00
       3   0.20000E+01   0.00000E+00   0.00000E+00   0.00000E+00   0.00000E+00
       4   0.00000E+00   0.10000E+01   0.00000E+00   0.00000E+00   0.00000E+00
       5   0.10000E+01   0.10000E+01   0.45000E-01   0.00000E+00   0.00000E+00
       6   0.20000E+01   0.10000E+01   0.00000E+00   0.00000E+00   0.00000E+00
       7   0.00000E+00   0.20000E+01   0.00000E+00   0.00000E+00   0.00000E+00
       8   0.10000E+01   0.20000E+01   0.00000E+00   0.00000E+00   0.00000E+00
       9   0.20000E+01   0.20000E+01   0.00000E+00   0.00000E+00   0.00000E+00
  _____________________________________________________________________________


     *TIME* = 0.20000E-01     Time Step Number =  2

     S O L U T I O N :

  _____________________________________________________________________________

     Node    x-coord.      y-coord.     deflec. w    x-rotation    y-rotation
  _____________________________________________________________________________

       1   0.00000E+00   0.00000E+00   0.00000E+00   0.00000E+00   0.00000E+00
       2   0.10000E+01   0.00000E+00   0.00000E+00   0.00000E+00   0.00000E+00
       3   0.20000E+01   0.00000E+00   0.00000E+00   0.00000E+00   0.00000E+00
       4   0.00000E+00   0.10000E+01   0.00000E+00   0.00000E+00   0.00000E+00
       5   0.10000E+01   0.10000E+01   0.99000E-01   0.00000E+00   0.00000E+00
       6   0.20000E+01   0.10000E+01   0.00000E+00   0.00000E+00   0.00000E+00
       7   0.00000E+00   0.20000E+01   0.00000E+00   0.00000E+00   0.00000E+00
       8   0.10000E+01   0.20000E+01   0.00000E+00   0.00000E+00   0.00000E+00
       9   0.20000E+01   0.20000E+01   0.00000E+00   0.00000E+00   0.00000E+00
  _____________________________________________________________________________


     *TIME* = 0.30000E-01     Time Step Number =  3

     S O L U T I O N :

  _____________________________________________________________________________

     Node    x-coord.      y-coord.     deflec. w    x-rotation    y-rotation
  _____________________________________________________________________________

       1   0.00000E+00   0.00000E+00   0.00000E+00   0.00000E+00   0.00000E+00
       2   0.10000E+01   0.00000E+00   0.00000E+00   0.00000E+00   0.00000E+00
       3   0.20000E+01   0.00000E+00   0.00000E+00   0.00000E+00   0.00000E+00
       4   0.00000E+00   0.10000E+01   0.00000E+00   0.00000E+00   0.00000E+00
       5   0.10000E+01   0.10000E+01   0.12780E+00   0.00000E+00   0.00000E+00
       6   0.20000E+01   0.10000E+01   0.00000E+00   0.00000E+00   0.00000E+00
       7   0.00000E+00   0.20000E+01   0.00000E+00   0.00000E+00   0.00000E+00
       8   0.10000E+01   0.20000E+01   0.00000E+00   0.00000E+00   0.00000E+00
       9   0.20000E+01   0.20000E+01   0.00000E+00   0.00000E+00   0.00000E+00
  _____________________________________________________________________________


     *TIME* = 0.40000E-01     Time Step Number =  4

     S O L U T I O N :

  _____________________________________________________________________________

     Node    x-coord.      y-coord.     deflec. w    x-rotation    y-rotation
  _____________________________________________________________________________

       1   0.00000E+00   0.00000E+00   0.00000E+00   0.00000E+00   0.00000E+00
       2   0.10000E+01   0.00000E+00   0.00000E+00   0.00000E+00   0.00000E+00
       3   0.20000E+01   0.00000E+00   0.00000E+00   0.00000E+00   0.00000E+00
       4   0.00000E+00   0.10000E+01   0.00000E+00   0.00000E+00   0.00000E+00
       5   0.10000E+01   0.10000E+01   0.47160E-01   0.00000E+00   0.00000E+00
       6   0.20000E+01   0.10000E+01   0.00000E+00   0.00000E+00   0.00000E+00
       7   0.00000E+00   0.20000E+01   0.00000E+00   0.00000E+00   0.00000E+00
       8   0.10000E+01   0.20000E+01   0.00000E+00   0.00000E+00   0.00000E+00
       9   0.20000E+01   0.20000E+01   0.00000E+00   0.00000E+00   0.00000E+00
  _____________________________________________________________________________


     *TIME* = 0.50000E-01     Time Step Number =  5

     S O L U T I O N :

  _____________________________________________________________________________

     Node    x-coord.      y-coord.     deflec. w    x-rotation    y-rotation
  _____________________________________________________________________________

       1   0.00000E+00   0.00000E+00   0.00000E+00   0.00000E+00   0.00000E+00
       2   0.10000E+01   0.00000E+00   0.00000E+00   0.00000E+00   0.00000E+00
       3   0.20000E+01   0.00000E+00   0.00000E+00   0.00000E+00   0.00000E+00
       4   0.00000E+00   0.10000E+01   0.00000E+00   0.00000E+00   0.00000E+00
       5   0.10000E+01   0.10000E+01  -0.15048E-01   0.00000E+00   0.00000E+00
       6   0.20000E+01   0.10000E+01   0.00000E+00   0.00000E+00   0.00000E+00
       7   0.00000E+00   0.20000E+01   0.00000E+00   0.00000E+00   0.00000E+00
       8   0.10000E+01   0.20000E+01   0.00000E+00   0.00000E+00   0.00000E+00
       9   0.20000E+01   0.20000E+01   0.00000E+00   0.00000E+00   0.00000E+00
  _____________________________________________________________________________


     *TIME* = 0.60000E-01     Time Step Number =  6

     S O L U T I O N :

  _____________________________________________________________________________

     Node    x-coord.      y-coord.     deflec. w    x-rotation    y-rotation
  _____________________________________________________________________________

       1   0.00000E+00   0.00000E+00   0.00000E+00   0.00000E+00   0.00000E+00
       2   0.10000E+01   0.00000E+00   0.00000E+00   0.00000E+00   0.00000E+00
       3   0.20000E+01   0.00000E+00   0.00000E+00   0.00000E+00   0.00000E+00
       4   0.00000E+00   0.10000E+01   0.00000E+00   0.00000E+00   0.00000E+00
       5   0.10000E+01   0.10000E+01   0.10153E+00   0.00000E+00   0.00000E+00
       6   0.20000E+01   0.10000E+01   0.00000E+00   0.00000E+00   0.00000E+00
       7   0.00000E+00   0.20000E+01   0.00000E+00   0.00000E+00   0.00000E+00
       8   0.10000E+01   0.20000E+01   0.00000E+00   0.00000E+00   0.00000E+00
       9   0.20000E+01   0.20000E+01   0.00000E+00   0.00000E+00   0.00000E+00
  _____________________________________________________________________________


     *TIME* = 0.70000E-01     Time Step Number =  7

     S O L U T I O N :

  _____________________________________________________________________________

     Node    x-coord.      y-coord.     deflec. w    x-rotation    y-rotation
  _____________________________________________________________________________

       1   0.00000E+00   0.00000E+00   0.00000E+00   0.00000E+00   0.00000E+00
       2   0.10000E+01   0.00000E+00   0.00000E+00   0.00000E+00   0.00000E+00
       3   0.20000E+01   0.00000E+00   0.00000E+00   0.00000E+00   0.00000E+00
       4   0.00000E+00   0.10000E+01   0.00000E+00   0.00000E+00   0.00000E+00
       5   0.10000E+01   0.10000E+01   0.22438E+00   0.00000E+00   0.00000E+00
       6   0.20000E+01   0.10000E+01   0.00000E+00   0.00000E+00   0.00000E+00
       7   0.00000E+00   0.20000E+01   0.00000E+00   0.00000E+00   0.00000E+00
       8   0.10000E+01   0.20000E+01   0.00000E+00   0.00000E+00   0.00000E+00
       9   0.20000E+01   0.20000E+01   0.00000E+00   0.00000E+00   0.00000E+00
  _____________________________________________________________________________


     *TIME* = 0.80000E-01     Time Step Number =  8

     S O L U T I O N :

  _____________________________________________________________________________

     Node    x-coord.      y-coord.     deflec. w    x-rotation    y-rotation
  _____________________________________________________________________________

       1   0.00000E+00   0.00000E+00   0.00000E+00   0.00000E+00   0.00000E+00
       2   0.10000E+01   0.00000E+00   0.00000E+00   0.00000E+00   0.00000E+00
       3   0.20000E+01   0.00000E+00   0.00000E+00   0.00000E+00   0.00000E+00
       4   0.00000E+00   0.10000E+01   0.00000E+00   0.00000E+00   0.00000E+00
       5   0.10000E+01   0.10000E+01   0.62422E-01   0.00000E+00   0.00000E+00
       6   0.20000E+01   0.10000E+01   0.00000E+00   0.00000E+00   0.00000E+00
       7   0.00000E+00   0.20000E+01   0.00000E+00   0.00000E+00   0.00000E+00
       8   0.10000E+01   0.20000E+01   0.00000E+00   0.00000E+00   0.00000E+00
       9   0.20000E+01   0.20000E+01   0.00000E+00   0.00000E+00   0.00000E+00
  _____________________________________________________________________________


     *TIME* = 0.90000E-01     Time Step Number =  9

     S O L U T I O N :

  _____________________________________________________________________________

     Node    x-coord.      y-coord.     deflec. w    x-rotation    y-rotation
  _____________________________________________________________________________

       1   0.00000E+00   0.00000E+00   0.00000E+00   0.00000E+00   0.00000E+00
       2   0.10000E+01   0.00000E+00   0.00000E+00   0.00000E+00   0.00000E+00
       3   0.20000E+01   0.00000E+00   0.00000E+00   0.00000E+00   0.00000E+00
       4   0.00000E+00   0.10000E+01   0.00000E+00   0.00000E+00   0.00000E+00
       5   0.10000E+01   0.10000E+01  -0.16653E+00   0.00000E+00   0.00000E+00
       6   0.20000E+01   0.10000E+01   0.00000E+00   0.00000E+00   0.00000E+00
       7   0.00000E+00   0.20000E+01   0.00000E+00   0.00000E+00   0.00000E+00
       8   0.10000E+01   0.20000E+01   0.00000E+00   0.00000E+00   0.00000E+00
       9   0.20000E+01   0.20000E+01   0.00000E+00   0.00000E+00   0.00000E+00
  _____________________________________________________________________________


     *TIME* = 0.10000E+00     Time Step Number = 10

     S O L U T I O N :

  _____________________________________________________________________________

     Node    x-coord.      y-coord.     deflec. w    x-rotation    y-rotation
  _____________________________________________________________________________

       1   0.00000E+00   0.00000E+00   0.00000E+00   0.00000E+00   0.00000E+00
       2   0.10000E+01   0.00000E+00   0.00000E+00   0.00000E+00   0.00000E+00
       3   0.20000E+01   0.00000E+00   0.00000E+00   0.00000E+00   0.00000E+00
       4   0.00000E+00   0.10000E+01   0.00000E+00   0.00000E+00   0.00000E+00
       5   0.10000E+01   0.10000E+01   0.46819E-01   0.00000E+00   0.00000E+00
       6   0.20000E+01   0.10000E+01   0.00000E+00   0.00000E+00   0.00000E+00
       7   0.00000E+00   0.20000E+01   0.00000E+00   0.00000E+00   0.00000E+00
       8   0.10000E+01   0.20000E+01   0.00000E+00   0.00000E+00   0.00000E+00
       9   0.20000E+01   0.20000E+01   0.00000E+00   0.00000E+00   0.00000E+00
  _____________________________________________________________________________


     *TIME* = 0.11000E+00     Time Step Number = 11

     S O L U T I O N :

  _____________________________________________________________________________

     Node    x-coord.      y-coord.     deflec. w    x-rotation    y-rotation
  _____________________________________________________________________________

       1   0.00000E+00   0.00000E+00   0.00000E+00   0.00000E+00   0.00000E+00
       2   0.10000E+01   0.00000E+00   0.00000E+00   0.00000E+00   0.00000E+00
       3   0.20000E+01   0.00000E+00   0.00000E+00   0.00000E+00   0.00000E+00
       4   0.00000E+00   0.10000E+01   0.00000E+00   0.00000E+00   0.00000E+00
       5   0.10000E+01   0.10000E+01   0.45581E+00   0.00000E+00   0.00000E+00
       6   0.20000E+01   0.10000E+01   0.00000E+00   0.00000E+00   0.00000E+00
       7   0.00000E+00   0.20000E+01   0.00000E+00   0.00000E+00   0.00000E+00
       8   0.10000E+01   0.20000E+01   0.00000E+00   0.00000E+00   0.00000E+00
       9   0.20000E+01   0.20000E+01   0.00000E+00   0.00000E+00   0.00000E+00
  _____________________________________________________________________________


     *TIME* = 0.12000E+00     Time Step Number = 12

     S O L U T I O N :

  _____________________________________________________________________________

     Node    x-coord.      y-coord.     deflec. w    x-rotation    y-rotation
  _____________________________________________________________________________

       1   0.00000E+00   0.00000E+00   0.00000E+00   0.00000E+00   0.00000E+00
       2   0.10000E+01   0.00000E+00   0.00000E+00   0.00000E+00   0.00000E+00
       3   0.20000E+01   0.00000E+00   0.00000E+00   0.00000E+00   0.00000E+00
       4   0.00000E+00   0.10000E+01   0.00000E+00   0.00000E+00   0.00000E+00
       5   0.10000E+01   0.10000E+01   0.19625E+00   0.00000E+00   0.00000E+00
       6   0.20000E+01   0.10000E+01   0.00000E+00   0.00000E+00   0.00000E+00
       7   0.00000E+00   0.20000E+01   0.00000E+00   0.00000E+00   0.00000E+00
       8   0.10000E+01   0.20000E+01   0.00000E+00   0.00000E+00   0.00000E+00
       9   0.20000E+01   0.20000E+01   0.00000E+00   0.00000E+00   0.00000E+00
  _____________________________________________________________________________


     *TIME* = 0.13000E+00     Time Step Number = 13

     S O L U T I O N :

  _____________________________________________________________________________

     Node    x-coord.      y-coord.     deflec. w    x-rotation    y-rotation
  _____________________________________________________________________________

       1   0.00000E+00   0.00000E+00   0.00000E+00   0.00000E+00   0.00000E+00
       2   0.10000E+01   0.00000E+00   0.00000E+00   0.00000E+00   0.00000E+00
       3   0.20000E+01   0.00000E+00   0.00000E+00   0.00000E+00   0.00000E+00
       4   0.00000E+00   0.10000E+01   0.00000E+00   0.00000E+00   0.00000E+00
       5   0.10000E+01   0.10000E+01  -0.51005E+00   0.00000E+00   0.00000E+00
       6   0.20000E+01   0.10000E+01   0.00000E+00   0.00000E+00   0.00000E+00
       7   0.00000E+00   0.20000E+01   0.00000E+00   0.00000E+00   0.00000E+00
       8   0.10000E+01   0.20000E+01   0.00000E+00   0.00000E+00   0.00000E+00
       9   0.20000E+01   0.20000E+01   0.00000E+00   0.00000E+00   0.00000E+00
  _____________________________________________________________________________


     *TIME* = 0.14000E+00     Time Step Number = 14

     S O L U T I O N :

  _____________________________________________________________________________

     Node    x-coord.      y-coord.     deflec. w    x-rotation    y-rotation
  _____________________________________________________________________________

       1   0.00000E+00   0.00000E+00   0.00000E+00   0.00000E+00   0.00000E+00
       2   0.10000E+01   0.00000E+00   0.00000E+00   0.00000E+00   0.00000E+00
       3   0.20000E+01   0.00000E+00   0.00000E+00   0.00000E+00   0.00000E+00
       4   0.00000E+00   0.10000E+01   0.00000E+00   0.00000E+00   0.00000E+00
       5   0.10000E+01   0.10000E+01  -0.23601E+00   0.00000E+00   0.00000E+00
       6   0.20000E+01   0.10000E+01   0.00000E+00   0.00000E+00   0.00000E+00
       7   0.00000E+00   0.20000E+01   0.00000E+00   0.00000E+00   0.00000E+00
       8   0.10000E+01   0.20000E+01   0.00000E+00   0.00000E+00   0.00000E+00
       9   0.20000E+01   0.20000E+01   0.00000E+00   0.00000E+00   0.00000E+00
  _____________________________________________________________________________


     *TIME* = 0.15000E+00     Time Step Number = 15

     S O L U T I O N :

  _____________________________________________________________________________

     Node    x-coord.      y-coord.     deflec. w    x-rotation    y-rotation
  _____________________________________________________________________________

       1   0.00000E+00   0.00000E+00   0.00000E+00   0.00000E+00   0.00000E+00
       2   0.10000E+01   0.00000E+00   0.00000E+00   0.00000E+00   0.00000E+00
       3   0.20000E+01   0.00000E+00   0.00000E+00   0.00000E+00   0.00000E+00
       4   0.00000E+00   0.10000E+01   0.00000E+00   0.00000E+00   0.00000E+00
       5   0.10000E+01   0.10000E+01   0.94887E+00   0.00000E+00   0.00000E+00
       6   0.20000E+01   0.10000E+01   0.00000E+00   0.00000E+00   0.00000E+00
       7   0.00000E+00   0.20000E+01   0.00000E+00   0.00000E+00   0.00000E+00
       8   0.10000E+01   0.20000E+01   0.00000E+00   0.00000E+00   0.00000E+00
       9   0.20000E+01   0.20000E+01   0.00000E+00   0.00000E+00   0.00000E+00
  _____________________________________________________________________________


     *TIME* = 0.16000E+00     Time Step Number = 16

     S O L U T I O N :

  _____________________________________________________________________________

     Node    x-coord.      y-coord.     deflec. w    x-rotation    y-rotation
  _____________________________________________________________________________

       1   0.00000E+00   0.00000E+00   0.00000E+00   0.00000E+00   0.00000E+00
       2   0.10000E+01   0.00000E+00   0.00000E+00   0.00000E+00   0.00000E+00
       3   0.20000E+01   0.00000E+00   0.00000E+00   0.00000E+00   0.00000E+00
       4   0.00000E+00   0.10000E+01   0.00000E+00   0.00000E+00   0.00000E+00
       5   0.10000E+01   0.10000E+01   0.74739E+00   0.00000E+00   0.00000E+00
       6   0.20000E+01   0.10000E+01   0.00000E+00   0.00000E+00   0.00000E+00
       7   0.00000E+00   0.20000E+01   0.00000E+00   0.00000E+00   0.00000E+00
       8   0.10000E+01   0.20000E+01   0.00000E+00   0.00000E+00   0.00000E+00
       9   0.20000E+01   0.20000E+01   0.00000E+00   0.00000E+00   0.00000E+00
  _____________________________________________________________________________


     *TIME* = 0.17000E+00     Time Step Number = 17

     S O L U T I O N :

  _____________________________________________________________________________

     Node    x-coord.      y-coord.     deflec. w    x-rotation    y-rotation
  _____________________________________________________________________________

       1   0.00000E+00   0.00000E+00   0.00000E+00   0.00000E+00   0.00000E+00
       2   0.10000E+01   0.00000E+00   0.00000E+00   0.00000E+00   0.00000E+00
       3   0.20000E+01   0.00000E+00   0.00000E+00   0.00000E+00   0.00000E+00
       4   0.00000E+00   0.10000E+01   0.00000E+00   0.00000E+00   0.00000E+00
       5   0.10000E+01   0.10000E+01  -0.11887E+01   0.00000E+00   0.00000E+00
       6   0.20000E+01   0.10000E+01   0.00000E+00   0.00000E+00   0.00000E+00
       7   0.00000E+00   0.20000E+01   0.00000E+00   0.00000E+00   0.00000E+00
       8   0.10000E+01   0.20000E+01   0.00000E+00   0.00000E+00   0.00000E+00
       9   0.20000E+01   0.20000E+01   0.00000E+00   0.00000E+00   0.00000E+00
  _____________________________________________________________________________


     *TIME* = 0.18000E+00     Time Step Number = 18

     S O L U T I O N :

  _____________________________________________________________________________

     Node    x-coord.      y-coord.     deflec. w    x-rotation    y-rotation
  _____________________________________________________________________________

       1   0.00000E+00   0.00000E+00   0.00000E+00   0.00000E+00   0.00000E+00
       2   0.10000E+01   0.00000E+00   0.00000E+00   0.00000E+00   0.00000E+00
       3   0.20000E+01   0.00000E+00   0.00000E+00   0.00000E+00   0.00000E+00
       4   0.00000E+00   0.10000E+01   0.00000E+00   0.00000E+00   0.00000E+00
       5   0.10000E+01   0.10000E+01  -0.12536E+01   0.00000E+00   0.00000E+00
       6   0.20000E+01   0.10000E+01   0.00000E+00   0.00000E+00   0.00000E+00
       7   0.00000E+00   0.20000E+01   0.00000E+00   0.00000E+00   0.00000E+00
       8   0.10000E+01   0.20000E+01   0.00000E+00   0.00000E+00   0.00000E+00
       9   0.20000E+01   0.20000E+01   0.00000E+00   0.00000E+00   0.00000E+00
  _____________________________________________________________________________


     *TIME* = 0.19000E+00     Time Step Number = 19

     S O L U T I O N :

  _____________________________________________________________________________

     Node    x-coord.      y-coord.     deflec. w    x-rotation    y-rotation
  _____________________________________________________________________________

       1   0.00000E+00   0.00000E+00   0.00000E+00   0.00000E+00   0.00000E+00
       2   0.10000E+01   0.00000E+00   0.00000E+00   0.00000E+00   0.00000E+00
       3   0.20000E+01   0.00000E+00   0.00000E+00   0.00000E+00   0.00000E+00
       4   0.00000E+00   0.10000E+01   0.00000E+00   0.00000E+00   0.00000E+00
       5   0.10000E+01   0.10000E+01   0.18312E+01   0.00000E+00   0.00000E+00
       6   0.20000E+01   0.10000E+01   0.00000E+00   0.00000E+00   0.00000E+00
       7   0.00000E+00   0.20000E+01   0.00000E+00   0.00000E+00   0.00000E+00
       8   0.10000E+01   0.20000E+01   0.00000E+00   0.00000E+00   0.00000E+00
       9   0.20000E+01   0.20000E+01   0.00000E+00   0.00000E+00   0.00000E+00
  _____________________________________________________________________________


     *TIME* = 0.20000E+00     Time Step Number = 20

     S O L U T I O N :

  _____________________________________________________________________________

     Node    x-coord.      y-coord.     deflec. w    x-rotation    y-rotation
  _____________________________________________________________________________

       1   0.00000E+00   0.00000E+00   0.00000E+00   0.00000E+00   0.00000E+00
       2   0.10000E+01   0.00000E+00   0.00000E+00   0.00000E+00   0.00000E+00
       3   0.20000E+01   0.00000E+00   0.00000E+00   0.00000E+00   0.00000E+00
       4   0.00000E+00   0.10000E+01   0.00000E+00   0.00000E+00   0.00000E+00
       5   0.10000E+01   0.10000E+01   0.25520E+01   0.00000E+00   0.00000E+00
       6   0.20000E+01   0.10000E+01   0.00000E+00   0.00000E+00   0.00000E+00
       7   0.00000E+00   0.20000E+01   0.00000E+00   0.00000E+00   0.00000E+00
       8   0.10000E+01   0.20000E+01   0.00000E+00   0.00000E+00   0.00000E+00
       9   0.20000E+01   0.20000E+01   0.00000E+00   0.00000E+00   0.00000E+00
  _____________________________________________________________________________

