     *** ECHO OF THE INPUT DATA STARTS ***

Natural vibration RECT10 FORTRAN (20 steps)                                     
2 0 2 0                                                                         
1 4 1 0                                                                         
5 2                                                                             
0.0 0.200000000000 0.200000000000 0.200000000000 0.200000000000 0.200000000000  
0.0 0.500000000000 0.500000000000                                               
28                                                                              
1 1 1 2 2 1 2 2 3 1 3 2 4 1 4 2 5 1 5 2 6 1 6 2 7 1 7 2 12 1 12 2 13 1 13 2 14 1
0.0 0.0 0.0 0.0 0.0 0.0 0.0 0.0 0.0 0.0 0.0 0.0 0.0 0.0 0.0 0.0 0.0 0.0 0.0 0.0 
0                                                                               
1                                                                               
3.0E7 3.0E7 0.3 1.153846153846E7 0.01                                           
0.0 0.0 0.0                                                                     
1.0 0.0 0.0                                                                     
20 21 1 1                                                                       
0.05 0.25 0.5 1.0E-8                                                            
0.0000000000e+00 0.0000000000e+00 0.0000000000e+00 0.0000000000e+00 0.0000000000
0.0000000000e+00 0.0000000000e+00 0.0000000000e+00 0.0000000000e+00 0.0000000000
     **** ECHO OF THE INPUT DATA ENDS ****

Natural vibration RECT10 FORTRAN (20 steps)                                     
  ______________________________________________________________________

            OUTPUT  from  program *** FEM2D *** by J. N. REDDY
  ______________________________________________________________________


                A  2-D  ELASTICITY   PROBLEM  IS  ANALYZED

     MATERIAL PROPERTIES OF THE SOLID ANALYZED:

        Thickness of the body, THKNS ............=  0.1000E-01
        Modulus of elasticity, E1 ...............=  0.3000E+08
        Modulus of elasticity, E2 ...............=  0.3000E+08
        Poisson s ratio, ANU12 ..................=  0.3000E+00
        Shear modulus, G12 ......................=  0.1154E+08

        ***PLANE STRESS assumption is selected by user**


     CONTINUOUS SOURCE COEFFICIENTS:

        Coefficient, F0  ........................=  0.0000E+00
        Coefficient, FX  ........................=  0.0000E+00
        Coefficient, FY  ........................=  0.0000E+00


        ******** A TRANSIENT PROBLEM  is analyzed ********

     PARAMETERS OF THE DYNAMIC ANALYSIS:

        Coefficient, C0 .........................=  0.1000E-01
        Coefficient, CX .........................=  0.0000E+00
        Coefficient, CY .........................=  0.0000E+00
        Time increment used, DT .................=  0.5000E-01
        Parameter, ALFA .........................=  0.2500E+00
        Parameter, GAMA .........................=  0.5000E+00
        Number of time steps used, NTIME ........=  20
        Time step at which load is removed, NSTP.=  21
        Time interval at which soln. is printed..=   1


        *** A mesh of QUADRILATERALS is chosen by user ***

     FINITE ELEMENT MESH INFORMATION:

        Element type: 0 = Triangle; >0 = Quad.)..=   1
        Number of nodes per element, NPE ........=   4
        No. of primary deg. of freedom/node, NDF =   2
        Number of elements in the mesh, NEM .....=  10
        Number of nodes in the mesh, NNM ........=  18
        Number of equations to be solved, NEQ ...=  36
        Half bandwidth of the matrix GLK, NHBW ..=  16
        Mesh subdivisions, NX and NY ............=   5   2

        No. of specified PRIMARY variables, NSPV =  28
  ______________________________________________________________________

     Node   x-coord.   y-coord.    Speci. primary & secondary variables
                                      (0, unspecified; >0, specified)
                                         Primary DOF  Secondary DOF
  ______________________________________________________________________

       1  0.0000E+00  0.0000E+00            1    2        0    0
       2  0.2000E+00  0.0000E+00            1    2        0    0
       3  0.4000E+00  0.0000E+00            1    2        0    0
       4  0.6000E+00  0.0000E+00            1    2        0    0
       5  0.8000E+00  0.0000E+00            1    2        0    0
       6  0.1000E+01  0.0000E+00            1    2        0    0
       7  0.0000E+00  0.5000E+00            1    2        0    0
       8  0.2000E+00  0.5000E+00            0    0        0    0
       9  0.4000E+00  0.5000E+00            0    0        0    0
      10  0.6000E+00  0.5000E+00            0    0        0    0
      11  0.8000E+00  0.5000E+00            0    0        0    0
      12  0.1000E+01  0.5000E+00            1    2        0    0
      13  0.0000E+00  0.1000E+01            1    2        0    0
      14  0.2000E+00  0.1000E+01            1    2        0    0
      15  0.4000E+00  0.1000E+01            1    2        0    0
      16  0.6000E+00  0.1000E+01            1    2        0    0
      17  0.8000E+00  0.1000E+01            1    2        0    0
      18  0.1000E+01  0.1000E+01            1    2        0    0
  ______________________________________________________________________


     NUMERICAL INTEGRATION DATA:

        Full quadrature (IPDF x IPDF) rule, IPDF =   2
        Reduced quadrature (IPDR x IPDR),   IPDR =   1
        Quadrature rule used in postproc.,  ISTR =   1


     *TIME* = 0.00000E+00 (Initial acceleration vector:)

           0.00000E+00   0.00000E+00   0.00000E+00   0.00000E+00   0.00000E+00
           0.00000E+00   0.00000E+00   0.00000E+00   0.00000E+00   0.00000E+00
           0.00000E+00   0.00000E+00   0.00000E+00   0.00000E+00   0.21294E+07
          -0.68844E-11  -0.37112E+07   0.27538E-10   0.22714E+07  -0.39318E-10
          -0.56785E+06   0.98295E-11   0.00000E+00   0.00000E+00   0.00000E+00
           0.00000E+00   0.00000E+00   0.00000E+00   0.00000E+00   0.00000E+00
           0.00000E+00   0.00000E+00   0.00000E+00   0.00000E+00   0.00000E+00
           0.00000E+00

     *TIME* = 0.50000E-01     Time Step Number =  1

     S O L U T I O N :

  _____________________________________________________________________________

     Node    x-coord.      y-coord.     Value of u   Value of v
  _____________________________________________________________________________

       1   0.00000E+00   0.00000E+00   0.00000E+00   0.00000E+00
       2   0.20000E+00   0.00000E+00   0.00000E+00   0.00000E+00
       3   0.40000E+00   0.00000E+00   0.00000E+00   0.00000E+00
       4   0.60000E+00   0.00000E+00   0.00000E+00   0.00000E+00
       5   0.80000E+00   0.00000E+00   0.00000E+00   0.00000E+00
       6   0.10000E+01   0.00000E+00   0.00000E+00   0.00000E+00
       7   0.00000E+00   0.50000E+00   0.00000E+00   0.00000E+00
       8   0.20000E+00   0.50000E+00   0.16757E-08  -0.43902E-22
       9   0.40000E+00   0.50000E+00  -0.10000E-02  -0.16602E-21
      10   0.60000E+00   0.50000E+00   0.21260E-08   0.56629E-21
      11   0.80000E+00   0.50000E+00   0.97842E-09   0.14983E-21
      12   0.10000E+01   0.50000E+00   0.00000E+00   0.00000E+00
      13   0.00000E+00   0.10000E+01   0.00000E+00   0.00000E+00
      14   0.20000E+00   0.10000E+01   0.00000E+00   0.00000E+00
      15   0.40000E+00   0.10000E+01   0.00000E+00   0.00000E+00
      16   0.60000E+00   0.10000E+01   0.00000E+00   0.00000E+00
      17   0.80000E+00   0.10000E+01   0.00000E+00   0.00000E+00
      18   0.10000E+01   0.10000E+01   0.00000E+00   0.00000E+00
  _____________________________________________________________________________


     *TIME* = 0.10000E+00     Time Step Number =  2

     S O L U T I O N :

  _____________________________________________________________________________

     Node    x-coord.      y-coord.     Value of u   Value of v
  _____________________________________________________________________________

       1   0.00000E+00   0.00000E+00   0.00000E+00   0.00000E+00
       2   0.20000E+00   0.00000E+00   0.00000E+00   0.00000E+00
       3   0.40000E+00   0.00000E+00   0.00000E+00   0.00000E+00
       4   0.60000E+00   0.00000E+00   0.00000E+00   0.00000E+00
       5   0.80000E+00   0.00000E+00   0.00000E+00   0.00000E+00
       6   0.10000E+01   0.00000E+00   0.00000E+00   0.00000E+00
       7   0.00000E+00   0.50000E+00   0.00000E+00   0.00000E+00
       8   0.20000E+00   0.50000E+00  -0.33513E-08  -0.44037E-22
       9   0.40000E+00   0.50000E+00  -0.10000E-02  -0.16603E-21
      10   0.60000E+00   0.50000E+00  -0.42519E-08   0.56618E-21
      11   0.80000E+00   0.50000E+00  -0.19568E-08   0.15001E-21
      12   0.10000E+01   0.50000E+00   0.00000E+00   0.00000E+00
      13   0.00000E+00   0.10000E+01   0.00000E+00   0.00000E+00
      14   0.20000E+00   0.10000E+01   0.00000E+00   0.00000E+00
      15   0.40000E+00   0.10000E+01   0.00000E+00   0.00000E+00
      16   0.60000E+00   0.10000E+01   0.00000E+00   0.00000E+00
      17   0.80000E+00   0.10000E+01   0.00000E+00   0.00000E+00
      18   0.10000E+01   0.10000E+01   0.00000E+00   0.00000E+00
  _____________________________________________________________________________


     *TIME* = 0.15000E+00     Time Step Number =  3

     S O L U T I O N :

  _____________________________________________________________________________

     Node    x-coord.      y-coord.     Value of u   Value of v
  _____________________________________________________________________________

       1   0.00000E+00   0.00000E+00   0.00000E+00   0.00000E+00
       2   0.20000E+00   0.00000E+00   0.00000E+00   0.00000E+00
       3   0.40000E+00   0.00000E+00   0.00000E+00   0.00000E+00
       4   0.60000E+00   0.00000E+00   0.00000E+00   0.00000E+00
       5   0.80000E+00   0.00000E+00   0.00000E+00   0.00000E+00
       6   0.10000E+01   0.00000E+00   0.00000E+00   0.00000E+00
       7   0.00000E+00   0.50000E+00   0.00000E+00   0.00000E+00
       8   0.20000E+00   0.50000E+00  -0.33514E-08   0.13175E-21
       9   0.40000E+00   0.50000E+00   0.30000E-02   0.49805E-21
      10   0.60000E+00   0.50000E+00  -0.42520E-08  -0.16988E-20
      11   0.80000E+00   0.50000E+00  -0.19569E-08  -0.44955E-21
      12   0.10000E+01   0.50000E+00   0.00000E+00   0.00000E+00
      13   0.00000E+00   0.10000E+01   0.00000E+00   0.00000E+00
      14   0.20000E+00   0.10000E+01   0.00000E+00   0.00000E+00
      15   0.40000E+00   0.10000E+01   0.00000E+00   0.00000E+00
      16   0.60000E+00   0.10000E+01   0.00000E+00   0.00000E+00
      17   0.80000E+00   0.10000E+01   0.00000E+00   0.00000E+00
      18   0.10000E+01   0.10000E+01   0.00000E+00   0.00000E+00
  _____________________________________________________________________________


     *TIME* = 0.20000E+00     Time Step Number =  4

     S O L U T I O N :

  _____________________________________________________________________________

     Node    x-coord.      y-coord.     Value of u   Value of v
  _____________________________________________________________________________

       1   0.00000E+00   0.00000E+00   0.00000E+00   0.00000E+00
       2   0.20000E+00   0.00000E+00   0.00000E+00   0.00000E+00
       3   0.40000E+00   0.00000E+00   0.00000E+00   0.00000E+00
       4   0.60000E+00   0.00000E+00   0.00000E+00   0.00000E+00
       5   0.80000E+00   0.00000E+00   0.00000E+00   0.00000E+00
       6   0.10000E+01   0.00000E+00   0.00000E+00   0.00000E+00
       7   0.00000E+00   0.50000E+00   0.00000E+00   0.00000E+00
       8   0.20000E+00   0.50000E+00   0.16757E-07  -0.43494E-22
       9   0.40000E+00   0.50000E+00  -0.99997E-03  -0.16596E-21
      10   0.60000E+00   0.50000E+00   0.21260E-07   0.56660E-21
      11   0.80000E+00   0.50000E+00   0.97842E-08   0.14930E-21
      12   0.10000E+01   0.50000E+00   0.00000E+00   0.00000E+00
      13   0.00000E+00   0.10000E+01   0.00000E+00   0.00000E+00
      14   0.20000E+00   0.10000E+01   0.00000E+00   0.00000E+00
      15   0.40000E+00   0.10000E+01   0.00000E+00   0.00000E+00
      16   0.60000E+00   0.10000E+01   0.00000E+00   0.00000E+00
      17   0.80000E+00   0.10000E+01   0.00000E+00   0.00000E+00
      18   0.10000E+01   0.10000E+01   0.00000E+00   0.00000E+00
  _____________________________________________________________________________


     *TIME* = 0.25000E+00     Time Step Number =  5

     S O L U T I O N :

  _____________________________________________________________________________

     Node    x-coord.      y-coord.     Value of u   Value of v
  _____________________________________________________________________________

       1   0.00000E+00   0.00000E+00   0.00000E+00   0.00000E+00
       2   0.20000E+00   0.00000E+00   0.00000E+00   0.00000E+00
       3   0.40000E+00   0.00000E+00   0.00000E+00   0.00000E+00
       4   0.60000E+00   0.00000E+00   0.00000E+00   0.00000E+00
       5   0.80000E+00   0.00000E+00   0.00000E+00   0.00000E+00
       6   0.10000E+01   0.00000E+00   0.00000E+00   0.00000E+00
       7   0.00000E+00   0.50000E+00   0.00000E+00   0.00000E+00
       8   0.20000E+00   0.50000E+00  -0.10054E-07  -0.22001E-21
       9   0.40000E+00   0.50000E+00  -0.50000E-02  -0.83014E-21
      10   0.60000E+00   0.50000E+00  -0.12755E-07   0.28311E-20
      11   0.80000E+00   0.50000E+00  -0.58703E-08   0.74981E-21
      12   0.10000E+01   0.50000E+00   0.00000E+00   0.00000E+00
      13   0.00000E+00   0.10000E+01   0.00000E+00   0.00000E+00
      14   0.20000E+00   0.10000E+01   0.00000E+00   0.00000E+00
      15   0.40000E+00   0.10000E+01   0.00000E+00   0.00000E+00
      16   0.60000E+00   0.10000E+01   0.00000E+00   0.00000E+00
      17   0.80000E+00   0.10000E+01   0.00000E+00   0.00000E+00
      18   0.10000E+01   0.10000E+01   0.00000E+00   0.00000E+00
  _____________________________________________________________________________


     *TIME* = 0.30000E+00     Time Step Number =  6

     S O L U T I O N :

  _____________________________________________________________________________

     Node    x-coord.      y-coord.     Value of u   Value of v
  _____________________________________________________________________________

       1   0.00000E+00   0.00000E+00   0.00000E+00   0.00000E+00
       2   0.20000E+00   0.00000E+00   0.00000E+00   0.00000E+00
       3   0.40000E+00   0.00000E+00   0.00000E+00   0.00000E+00
       4   0.60000E+00   0.00000E+00   0.00000E+00   0.00000E+00
       5   0.80000E+00   0.00000E+00   0.00000E+00   0.00000E+00
       6   0.10000E+01   0.00000E+00   0.00000E+00   0.00000E+00
       7   0.00000E+00   0.50000E+00   0.00000E+00   0.00000E+00
       8   0.20000E+00   0.50000E+00  -0.36865E-07   0.30663E-21
       9   0.40000E+00   0.50000E+00   0.69999E-02   0.11620E-20
      10   0.60000E+00   0.50000E+00  -0.46771E-07  -0.39645E-20
      11   0.80000E+00   0.50000E+00  -0.21526E-07  -0.10479E-20
      12   0.10000E+01   0.50000E+00   0.00000E+00   0.00000E+00
      13   0.00000E+00   0.10000E+01   0.00000E+00   0.00000E+00
      14   0.20000E+00   0.10000E+01   0.00000E+00   0.00000E+00
      15   0.40000E+00   0.10000E+01   0.00000E+00   0.00000E+00
      16   0.60000E+00   0.10000E+01   0.00000E+00   0.00000E+00
      17   0.80000E+00   0.10000E+01   0.00000E+00   0.00000E+00
      18   0.10000E+01   0.10000E+01   0.00000E+00   0.00000E+00
  _____________________________________________________________________________


     *TIME* = 0.35000E+00     Time Step Number =  7

     S O L U T I O N :

  _____________________________________________________________________________

     Node    x-coord.      y-coord.     Value of u   Value of v
  _____________________________________________________________________________

       1   0.00000E+00   0.00000E+00   0.00000E+00   0.00000E+00
       2   0.20000E+00   0.00000E+00   0.00000E+00   0.00000E+00
       3   0.40000E+00   0.00000E+00   0.00000E+00   0.00000E+00
       4   0.60000E+00   0.00000E+00   0.00000E+00   0.00000E+00
       5   0.80000E+00   0.00000E+00   0.00000E+00   0.00000E+00
       6   0.10000E+01   0.00000E+00   0.00000E+00   0.00000E+00
       7   0.00000E+00   0.50000E+00   0.00000E+00   0.00000E+00
       8   0.20000E+00   0.50000E+00   0.70377E-07   0.13374E-21
       9   0.40000E+00   0.50000E+00   0.30001E-02   0.49832E-21
      10   0.60000E+00   0.50000E+00   0.89289E-07  -0.16973E-20
      11   0.80000E+00   0.50000E+00   0.41093E-07  -0.45215E-21
      12   0.10000E+01   0.50000E+00   0.00000E+00   0.00000E+00
      13   0.00000E+00   0.10000E+01   0.00000E+00   0.00000E+00
      14   0.20000E+00   0.10000E+01   0.00000E+00   0.00000E+00
      15   0.40000E+00   0.10000E+01   0.00000E+00   0.00000E+00
      16   0.60000E+00   0.10000E+01   0.00000E+00   0.00000E+00
      17   0.80000E+00   0.10000E+01   0.00000E+00   0.00000E+00
      18   0.10000E+01   0.10000E+01   0.00000E+00   0.00000E+00
  _____________________________________________________________________________


     *TIME* = 0.40000E+00     Time Step Number =  8

     S O L U T I O N :

  _____________________________________________________________________________

     Node    x-coord.      y-coord.     Value of u   Value of v
  _____________________________________________________________________________

       1   0.00000E+00   0.00000E+00   0.00000E+00   0.00000E+00
       2   0.20000E+00   0.00000E+00   0.00000E+00   0.00000E+00
       3   0.40000E+00   0.00000E+00   0.00000E+00   0.00000E+00
       4   0.60000E+00   0.00000E+00   0.00000E+00   0.00000E+00
       5   0.80000E+00   0.00000E+00   0.00000E+00   0.00000E+00
       6   0.10000E+01   0.00000E+00   0.00000E+00   0.00000E+00
       7   0.00000E+00   0.50000E+00   0.00000E+00   0.00000E+00
       8   0.20000E+00   0.50000E+00   0.16758E-07  -0.74664E-21
       9   0.40000E+00   0.50000E+00  -0.17000E-01  -0.28223E-20
      10   0.60000E+00   0.50000E+00   0.21262E-07   0.96267E-20
      11   0.80000E+00   0.50000E+00   0.97857E-08   0.25475E-20
      12   0.10000E+01   0.50000E+00   0.00000E+00   0.00000E+00
      13   0.00000E+00   0.10000E+01   0.00000E+00   0.00000E+00
      14   0.20000E+00   0.10000E+01   0.00000E+00   0.00000E+00
      15   0.40000E+00   0.10000E+01   0.00000E+00   0.00000E+00
      16   0.60000E+00   0.10000E+01   0.00000E+00   0.00000E+00
      17   0.80000E+00   0.10000E+01   0.00000E+00   0.00000E+00
      18   0.10000E+01   0.10000E+01   0.00000E+00   0.00000E+00
  _____________________________________________________________________________


     *TIME* = 0.45000E+00     Time Step Number =  9

     S O L U T I O N :

  _____________________________________________________________________________

     Node    x-coord.      y-coord.     Value of u   Value of v
  _____________________________________________________________________________

       1   0.00000E+00   0.00000E+00   0.00000E+00   0.00000E+00
       2   0.20000E+00   0.00000E+00   0.00000E+00   0.00000E+00
       3   0.40000E+00   0.00000E+00   0.00000E+00   0.00000E+00
       4   0.60000E+00   0.00000E+00   0.00000E+00   0.00000E+00
       5   0.80000E+00   0.00000E+00   0.00000E+00   0.00000E+00
       6   0.10000E+01   0.00000E+00   0.00000E+00   0.00000E+00
       7   0.00000E+00   0.50000E+00   0.00000E+00   0.00000E+00
       8   0.20000E+00   0.50000E+00  -0.19773E-06   0.47807E-21
       9   0.40000E+00   0.50000E+00   0.11000E-01   0.18255E-20
      10   0.60000E+00   0.50000E+00  -0.25086E-06  -0.62328E-20
      11   0.80000E+00   0.50000E+00  -0.11545E-06  -0.16418E-20
      12   0.10000E+01   0.50000E+00   0.00000E+00   0.00000E+00
      13   0.00000E+00   0.10000E+01   0.00000E+00   0.00000E+00
      14   0.20000E+00   0.10000E+01   0.00000E+00   0.00000E+00
      15   0.40000E+00   0.10000E+01   0.00000E+00   0.00000E+00
      16   0.60000E+00   0.10000E+01   0.00000E+00   0.00000E+00
      17   0.80000E+00   0.10000E+01   0.00000E+00   0.00000E+00
      18   0.10000E+01   0.10000E+01   0.00000E+00   0.00000E+00
  _____________________________________________________________________________


     *TIME* = 0.50000E+00     Time Step Number = 10

     S O L U T I O N :

  _____________________________________________________________________________

     Node    x-coord.      y-coord.     Value of u   Value of v
  _____________________________________________________________________________

       1   0.00000E+00   0.00000E+00   0.00000E+00   0.00000E+00
       2   0.20000E+00   0.00000E+00   0.00000E+00   0.00000E+00
       3   0.40000E+00   0.00000E+00   0.00000E+00   0.00000E+00
       4   0.60000E+00   0.00000E+00   0.00000E+00   0.00000E+00
       5   0.80000E+00   0.00000E+00   0.00000E+00   0.00000E+00
       6   0.10000E+01   0.00000E+00   0.00000E+00   0.00000E+00
       7   0.00000E+00   0.50000E+00   0.00000E+00   0.00000E+00
       8   0.20000E+00   0.50000E+00   0.17761E-06   0.10156E-20
       9   0.40000E+00   0.50000E+00   0.23000E-01   0.38191E-20
      10   0.60000E+00   0.50000E+00   0.22534E-06  -0.13020E-19
      11   0.80000E+00   0.50000E+00   0.10371E-06  -0.34537E-20
      12   0.10000E+01   0.50000E+00   0.00000E+00   0.00000E+00
      13   0.00000E+00   0.10000E+01   0.00000E+00   0.00000E+00
      14   0.20000E+00   0.10000E+01   0.00000E+00   0.00000E+00
      15   0.40000E+00   0.10000E+01   0.00000E+00   0.00000E+00
      16   0.60000E+00   0.10000E+01   0.00000E+00   0.00000E+00
      17   0.80000E+00   0.10000E+01   0.00000E+00   0.00000E+00
      18   0.10000E+01   0.10000E+01   0.00000E+00   0.00000E+00
  _____________________________________________________________________________


     *TIME* = 0.55000E+00     Time Step Number = 11

     S O L U T I O N :

  _____________________________________________________________________________

     Node    x-coord.      y-coord.     Value of u   Value of v
  _____________________________________________________________________________

       1   0.00000E+00   0.00000E+00   0.00000E+00   0.00000E+00
       2   0.20000E+00   0.00000E+00   0.00000E+00   0.00000E+00
       3   0.40000E+00   0.00000E+00   0.00000E+00   0.00000E+00
       4   0.60000E+00   0.00000E+00   0.00000E+00   0.00000E+00
       5   0.80000E+00   0.00000E+00   0.00000E+00   0.00000E+00
       6   0.10000E+01   0.00000E+00   0.00000E+00   0.00000E+00
       7   0.00000E+00   0.50000E+00   0.00000E+00   0.00000E+00
       8   0.20000E+00   0.50000E+00   0.28487E-06  -0.19699E-20
       9   0.40000E+00   0.50000E+00  -0.44999E-01  -0.74700E-20
      10   0.60000E+00   0.50000E+00   0.36142E-06   0.25487E-19
      11   0.80000E+00   0.50000E+00   0.16634E-06   0.67350E-20
      12   0.10000E+01   0.50000E+00   0.00000E+00   0.00000E+00
      13   0.00000E+00   0.10000E+01   0.00000E+00   0.00000E+00
      14   0.20000E+00   0.10000E+01   0.00000E+00   0.00000E+00
      15   0.40000E+00   0.10000E+01   0.00000E+00   0.00000E+00
      16   0.60000E+00   0.10000E+01   0.00000E+00   0.00000E+00
      17   0.80000E+00   0.10000E+01   0.00000E+00   0.00000E+00
      18   0.10000E+01   0.10000E+01   0.00000E+00   0.00000E+00
  _____________________________________________________________________________


     *TIME* = 0.60000E+00     Time Step Number = 12

     S O L U T I O N :

  _____________________________________________________________________________

     Node    x-coord.      y-coord.     Value of u   Value of v
  _____________________________________________________________________________

       1   0.00000E+00   0.00000E+00   0.00000E+00   0.00000E+00
       2   0.20000E+00   0.00000E+00   0.00000E+00   0.00000E+00
       3   0.40000E+00   0.00000E+00   0.00000E+00   0.00000E+00
       4   0.60000E+00   0.00000E+00   0.00000E+00   0.00000E+00
       5   0.80000E+00   0.00000E+00   0.00000E+00   0.00000E+00
       6   0.10000E+01   0.00000E+00   0.00000E+00   0.00000E+00
       7   0.00000E+00   0.50000E+00   0.00000E+00   0.00000E+00
       8   0.20000E+00   0.50000E+00  -0.73393E-06  -0.63779E-22
       9   0.40000E+00   0.50000E+00  -0.10013E-02  -0.16862E-21
      10   0.60000E+00   0.50000E+00  -0.93116E-06   0.55139E-21
      11   0.80000E+00   0.50000E+00  -0.42854E-06   0.17579E-21
      12   0.10000E+01   0.50000E+00   0.00000E+00   0.00000E+00
      13   0.00000E+00   0.10000E+01   0.00000E+00   0.00000E+00
      14   0.20000E+00   0.10000E+01   0.00000E+00   0.00000E+00
      15   0.40000E+00   0.10000E+01   0.00000E+00   0.00000E+00
      16   0.60000E+00   0.10000E+01   0.00000E+00   0.00000E+00
      17   0.80000E+00   0.10000E+01   0.00000E+00   0.00000E+00
      18   0.10000E+01   0.10000E+01   0.00000E+00   0.00000E+00
  _____________________________________________________________________________


     *TIME* = 0.65000E+00     Time Step Number = 13

     S O L U T I O N :

  _____________________________________________________________________________

     Node    x-coord.      y-coord.     Value of u   Value of v
  _____________________________________________________________________________

       1   0.00000E+00   0.00000E+00   0.00000E+00   0.00000E+00
       2   0.20000E+00   0.00000E+00   0.00000E+00   0.00000E+00
       3   0.40000E+00   0.00000E+00   0.00000E+00   0.00000E+00
       4   0.60000E+00   0.00000E+00   0.00000E+00   0.00000E+00
       5   0.80000E+00   0.00000E+00   0.00000E+00   0.00000E+00
       6   0.10000E+01   0.00000E+00   0.00000E+00   0.00000E+00
       7   0.00000E+00   0.50000E+00   0.00000E+00   0.00000E+00
       8   0.20000E+00   0.50000E+00   0.12397E-06   0.40025E-20
       9   0.40000E+00   0.50000E+00   0.91000E-01   0.15108E-19
      10   0.60000E+00   0.50000E+00   0.15728E-06  -0.51527E-19
      11   0.80000E+00   0.50000E+00   0.72381E-07  -0.13644E-19
      12   0.10000E+01   0.50000E+00   0.00000E+00   0.00000E+00
      13   0.00000E+00   0.10000E+01   0.00000E+00   0.00000E+00
      14   0.20000E+00   0.10000E+01   0.00000E+00   0.00000E+00
      15   0.40000E+00   0.10000E+01   0.00000E+00   0.00000E+00
      16   0.60000E+00   0.10000E+01   0.00000E+00   0.00000E+00
      17   0.80000E+00   0.10000E+01   0.00000E+00   0.00000E+00
      18   0.10000E+01   0.10000E+01   0.00000E+00   0.00000E+00
  _____________________________________________________________________________


     *TIME* = 0.70000E+00     Time Step Number = 14

     S O L U T I O N :

  _____________________________________________________________________________

     Node    x-coord.      y-coord.     Value of u   Value of v
  _____________________________________________________________________________

       1   0.00000E+00   0.00000E+00   0.00000E+00   0.00000E+00
       2   0.20000E+00   0.00000E+00   0.00000E+00   0.00000E+00
       3   0.40000E+00   0.00000E+00   0.00000E+00   0.00000E+00
       4   0.60000E+00   0.00000E+00   0.00000E+00   0.00000E+00
       5   0.80000E+00   0.00000E+00   0.00000E+00   0.00000E+00
       6   0.10000E+01   0.00000E+00   0.00000E+00   0.00000E+00
       7   0.00000E+00   0.50000E+00   0.00000E+00   0.00000E+00
       8   0.20000E+00   0.50000E+00   0.15718E-05  -0.38688E-20
       9   0.40000E+00   0.50000E+00  -0.88997E-01  -0.14770E-19
      10   0.60000E+00   0.50000E+00   0.19942E-05   0.50428E-19
      11   0.80000E+00   0.50000E+00   0.91777E-06   0.13285E-19
      12   0.10000E+01   0.50000E+00   0.00000E+00   0.00000E+00
      13   0.00000E+00   0.10000E+01   0.00000E+00   0.00000E+00
      14   0.20000E+00   0.10000E+01   0.00000E+00   0.00000E+00
      15   0.40000E+00   0.10000E+01   0.00000E+00   0.00000E+00
      16   0.60000E+00   0.10000E+01   0.00000E+00   0.00000E+00
      17   0.80000E+00   0.10000E+01   0.00000E+00   0.00000E+00
      18   0.10000E+01   0.10000E+01   0.00000E+00   0.00000E+00
  _____________________________________________________________________________


     *TIME* = 0.75000E+00     Time Step Number = 15

     S O L U T I O N :

  _____________________________________________________________________________

     Node    x-coord.      y-coord.     Value of u   Value of v
  _____________________________________________________________________________

       1   0.00000E+00   0.00000E+00   0.00000E+00   0.00000E+00
       2   0.20000E+00   0.00000E+00   0.00000E+00   0.00000E+00
       3   0.40000E+00   0.00000E+00   0.00000E+00   0.00000E+00
       4   0.60000E+00   0.00000E+00   0.00000E+00   0.00000E+00
       5   0.80000E+00   0.00000E+00   0.00000E+00   0.00000E+00
       6   0.10000E+01   0.00000E+00   0.00000E+00   0.00000E+00
       7   0.00000E+00   0.50000E+00   0.00000E+00   0.00000E+00
       8   0.20000E+00   0.50000E+00  -0.19672E-05  -0.41402E-20
       9   0.40000E+00   0.50000E+00  -0.93003E-01  -0.15447E-19
      10   0.60000E+00   0.50000E+00  -0.24958E-05   0.52622E-19
      11   0.80000E+00   0.50000E+00  -0.11486E-05   0.14009E-19
      12   0.10000E+01   0.50000E+00   0.00000E+00   0.00000E+00
      13   0.00000E+00   0.10000E+01   0.00000E+00   0.00000E+00
      14   0.20000E+00   0.10000E+01   0.00000E+00   0.00000E+00
      15   0.40000E+00   0.10000E+01   0.00000E+00   0.00000E+00
      16   0.60000E+00   0.10000E+01   0.00000E+00   0.00000E+00
      17   0.80000E+00   0.10000E+01   0.00000E+00   0.00000E+00
      18   0.10000E+01   0.10000E+01   0.00000E+00   0.00000E+00
  _____________________________________________________________________________


     *TIME* = 0.80000E+00     Time Step Number = 16

     S O L U T I O N :

  _____________________________________________________________________________

     Node    x-coord.      y-coord.     Value of u   Value of v
  _____________________________________________________________________________

       1   0.00000E+00   0.00000E+00   0.00000E+00   0.00000E+00
       2   0.20000E+00   0.00000E+00   0.00000E+00   0.00000E+00
       3   0.40000E+00   0.00000E+00   0.00000E+00   0.00000E+00
       4   0.60000E+00   0.00000E+00   0.00000E+00   0.00000E+00
       5   0.80000E+00   0.00000E+00   0.00000E+00   0.00000E+00
       6   0.10000E+01   0.00000E+00   0.00000E+00   0.00000E+00
       7   0.00000E+00   0.50000E+00   0.00000E+00   0.00000E+00
       8   0.20000E+00   0.50000E+00  -0.14847E-05   0.11869E-19
       9   0.40000E+00   0.50000E+00   0.27100E+00   0.44987E-19
      10   0.60000E+00   0.50000E+00  -0.18837E-05  -0.15348E-18
      11   0.80000E+00   0.50000E+00  -0.86696E-06  -0.40568E-19
      12   0.10000E+01   0.50000E+00   0.00000E+00   0.00000E+00
      13   0.00000E+00   0.10000E+01   0.00000E+00   0.00000E+00
      14   0.20000E+00   0.10000E+01   0.00000E+00   0.00000E+00
      15   0.40000E+00   0.10000E+01   0.00000E+00   0.00000E+00
      16   0.60000E+00   0.10000E+01   0.00000E+00   0.00000E+00
      17   0.80000E+00   0.10000E+01   0.00000E+00   0.00000E+00
      18   0.10000E+01   0.10000E+01   0.00000E+00   0.00000E+00
  _____________________________________________________________________________


     *TIME* = 0.85000E+00     Time Step Number = 17

     S O L U T I O N :

  _____________________________________________________________________________

     Node    x-coord.      y-coord.     Value of u   Value of v
  _____________________________________________________________________________

       1   0.00000E+00   0.00000E+00   0.00000E+00   0.00000E+00
       2   0.20000E+00   0.00000E+00   0.00000E+00   0.00000E+00
       3   0.40000E+00   0.00000E+00   0.00000E+00   0.00000E+00
       4   0.60000E+00   0.00000E+00   0.00000E+00   0.00000E+00
       5   0.80000E+00   0.00000E+00   0.00000E+00   0.00000E+00
       6   0.10000E+01   0.00000E+00   0.00000E+00   0.00000E+00
       7   0.00000E+00   0.50000E+00   0.00000E+00   0.00000E+00
       8   0.20000E+00   0.50000E+00   0.60223E-05  -0.35727E-20
       9   0.40000E+00   0.50000E+00  -0.84989E-01  -0.14091E-19
      10   0.60000E+00   0.50000E+00   0.76406E-05   0.48253E-19
      11   0.80000E+00   0.50000E+00   0.35164E-05   0.12528E-19
      12   0.10000E+01   0.50000E+00   0.00000E+00   0.00000E+00
      13   0.00000E+00   0.10000E+01   0.00000E+00   0.00000E+00
      14   0.20000E+00   0.10000E+01   0.00000E+00   0.00000E+00
      15   0.40000E+00   0.10000E+01   0.00000E+00   0.00000E+00
      16   0.60000E+00   0.10000E+01   0.00000E+00   0.00000E+00
      17   0.80000E+00   0.10000E+01   0.00000E+00   0.00000E+00
      18   0.10000E+01   0.10000E+01   0.00000E+00   0.00000E+00
  _____________________________________________________________________________


     *TIME* = 0.90000E+00     Time Step Number = 18

     S O L U T I O N :

  _____________________________________________________________________________

     Node    x-coord.      y-coord.     Value of u   Value of v
  _____________________________________________________________________________

       1   0.00000E+00   0.00000E+00   0.00000E+00   0.00000E+00
       2   0.20000E+00   0.00000E+00   0.00000E+00   0.00000E+00
       3   0.40000E+00   0.00000E+00   0.00000E+00   0.00000E+00
       4   0.60000E+00   0.00000E+00   0.00000E+00   0.00000E+00
       5   0.80000E+00   0.00000E+00   0.00000E+00   0.00000E+00
       6   0.10000E+01   0.00000E+00   0.00000E+00   0.00000E+00
       7   0.00000E+00   0.50000E+00   0.00000E+00   0.00000E+00
       8   0.20000E+00   0.50000E+00  -0.30394E-05  -0.20166E-19
       9   0.40000E+00   0.50000E+00  -0.45701E+00  -0.75883E-19
      10   0.60000E+00   0.50000E+00  -0.38561E-05   0.25872E-18
      11   0.80000E+00   0.50000E+00  -0.17746E-05   0.68607E-19
      12   0.10000E+01   0.50000E+00   0.00000E+00   0.00000E+00
      13   0.00000E+00   0.10000E+01   0.00000E+00   0.00000E+00
      14   0.20000E+00   0.10000E+01   0.00000E+00   0.00000E+00
      15   0.40000E+00   0.10000E+01   0.00000E+00   0.00000E+00
      16   0.60000E+00   0.10000E+01   0.00000E+00   0.00000E+00
      17   0.80000E+00   0.10000E+01   0.00000E+00   0.00000E+00
      18   0.10000E+01   0.10000E+01   0.00000E+00   0.00000E+00
  _____________________________________________________________________________


     *TIME* = 0.95000E+00     Time Step Number = 19

     S O L U T I O N :

  _____________________________________________________________________________

     Node    x-coord.      y-coord.     Value of u   Value of v
  _____________________________________________________________________________

       1   0.00000E+00   0.00000E+00   0.00000E+00   0.00000E+00
       2   0.20000E+00   0.00000E+00   0.00000E+00   0.00000E+00
       3   0.40000E+00   0.00000E+00   0.00000E+00   0.00000E+00
       4   0.60000E+00   0.00000E+00   0.00000E+00   0.00000E+00
       5   0.80000E+00   0.00000E+00   0.00000E+00   0.00000E+00
       6   0.10000E+01   0.00000E+00   0.00000E+00   0.00000E+00
       7   0.00000E+00   0.50000E+00   0.00000E+00   0.00000E+00
       8   0.20000E+00   0.50000E+00  -0.10225E-04   0.27278E-19
       9   0.40000E+00   0.50000E+00   0.62698E+00   0.10406E-18
      10   0.60000E+00   0.50000E+00  -0.12973E-04  -0.35525E-18
      11   0.80000E+00   0.50000E+00  -0.59705E-05  -0.93620E-19
      12   0.10000E+01   0.50000E+00   0.00000E+00   0.00000E+00
      13   0.00000E+00   0.10000E+01   0.00000E+00   0.00000E+00
      14   0.20000E+00   0.10000E+01   0.00000E+00   0.00000E+00
      15   0.40000E+00   0.10000E+01   0.00000E+00   0.00000E+00
      16   0.60000E+00   0.10000E+01   0.00000E+00   0.00000E+00
      17   0.80000E+00   0.10000E+01   0.00000E+00   0.00000E+00
      18   0.10000E+01   0.10000E+01   0.00000E+00   0.00000E+00
  _____________________________________________________________________________


     *TIME* = 0.10000E+01     Time Step Number = 20

     S O L U T I O N :

  _____________________________________________________________________________

     Node    x-coord.      y-coord.     Value of u   Value of v
  _____________________________________________________________________________

       1   0.00000E+00   0.00000E+00   0.00000E+00   0.00000E+00
       2   0.20000E+00   0.00000E+00   0.00000E+00   0.00000E+00
       3   0.40000E+00   0.00000E+00   0.00000E+00   0.00000E+00
       4   0.60000E+00   0.00000E+00   0.00000E+00   0.00000E+00
       5   0.80000E+00   0.00000E+00   0.00000E+00   0.00000E+00
       6   0.10000E+01   0.00000E+00   0.00000E+00   0.00000E+00
       7   0.00000E+00   0.50000E+00   0.00000E+00   0.00000E+00
       8   0.20000E+00   0.50000E+00   0.17497E-04   0.13086E-19
       9   0.40000E+00   0.50000E+00   0.28703E+00   0.47710E-19
      10   0.60000E+00   0.50000E+00   0.22199E-04  -0.16216E-18
      11   0.80000E+00   0.50000E+00   0.10216E-04  -0.43636E-19
      12   0.10000E+01   0.50000E+00   0.00000E+00   0.00000E+00
      13   0.00000E+00   0.10000E+01   0.00000E+00   0.00000E+00
      14   0.20000E+00   0.10000E+01   0.00000E+00   0.00000E+00
      15   0.40000E+00   0.10000E+01   0.00000E+00   0.00000E+00
      16   0.60000E+00   0.10000E+01   0.00000E+00   0.00000E+00
      17   0.80000E+00   0.10000E+01   0.00000E+00   0.00000E+00
      18   0.10000E+01   0.10000E+01   0.00000E+00   0.00000E+00
  _____________________________________________________________________________

