     *** ECHO OF THE INPUT DATA STARTS ***

Plate vibration test with 5 nodes (user mesh)                                   
2 0 1 0                                                                         
0 3 0 0                                                                         
4 5                                                                             
1 2 5                                                                           
2 3 5                                                                           
3 4 5                                                                           
4 1 5                                                                           
0.0 0.0                                                                         
1.0 0.0                                                                         
1.0 1.0                                                                         
0.0 1.0                                                                         
0.5 0.5                                                                         
4                                                                               
1 1 2 1 3 1 4 1                                                                 
0.0 0.0 0.0 0.0                                                                 
0                                                                               
1                                                                               
3.0E7 3.0E7 0.3 1.153846153846E7 0.01                                           
0.5 0.0 0.0                                                                     
1.0 0.25 0.5                                                                    
10 11 1 0                                                                       
0.1 0.25 0.5 1.0E-6                                                             
     **** ECHO OF THE INPUT DATA ENDS ****

Plate vibration test with 5 nodes (user mesh)                                   
  ______________________________________________________________________

            OUTPUT  from  program *** FEM2D *** by J. N. REDDY
  ______________________________________________________________________


                A  2-D  ELASTICITY   PROBLEM  IS  ANALYZED

     MATERIAL PROPERTIES OF THE SOLID ANALYZED:

        Thickness of the body, THKNS ............=  0.1000E-01
        Modulus of elasticity, E1 ...............=  0.3000E+08
        Modulus of elasticity, E2 ...............=  0.3000E+08
        Poisson s ratio, ANU12 ..................=  0.3000E+00
        Shear modulus, G12 ......................=  0.1154E+08

        ***PLANE STRESS assumption is selected by user**


     CONTINUOUS SOURCE COEFFICIENTS:

        Coefficient, F0  ........................=  0.5000E+00
        Coefficient, FX  ........................=  0.0000E+00
        Coefficient, FY  ........................=  0.0000E+00


        ******** A TRANSIENT PROBLEM  is analyzed ********

     PARAMETERS OF THE DYNAMIC ANALYSIS:

        Coefficient, C0 .........................=  0.1000E-01
        Coefficient, CX .........................=  0.2500E-02
        Coefficient, CY .........................=  0.5000E-02
        Time increment used, DT .................=  0.1000E+00
        Parameter, ALFA .........................=  0.2500E+00
        Parameter, GAMA .........................=  0.5000E+00
        Number of time steps used, NTIME ........=  10
        Time step at which load is removed, NSTP.=  11
        Time interval at which soln. is printed..=   1


        *** A mesh of   TRIANGLES    is chosen by user ***

     FINITE ELEMENT MESH INFORMATION:

        Element type: 0 = Triangle; >0 = Quad.)..=   0
        Number of nodes per element, NPE ........=   3
        No. of primary deg. of freedom/node, NDF =   2
        Number of elements in the mesh, NEM .....=   4
        Number of nodes in the mesh, NNM ........=   5
        Number of equations to be solved, NEQ ...=  10
        Half bandwidth of the matrix GLK, NHBW ..=  10
        No. of specified PRIMARY variables, NSPV =   4
  ______________________________________________________________________

     Node   x-coord.   y-coord.    Speci. primary & secondary variables
                                      (0, unspecified; >0, specified)
                                         Primary DOF  Secondary DOF
  ______________________________________________________________________

       1  0.0000E+00  0.0000E+00            1    0        0    0
       2  0.1000E+01  0.0000E+00            1    0        0    0
       3  0.1000E+01  0.1000E+01            1    0        0    0
       4  0.0000E+00  0.1000E+01            1    0        0    0
       5  0.5000E+00  0.5000E+00            0    0        0    0
  ______________________________________________________________________


     NUMERICAL INTEGRATION DATA:

        Full Integration polynomial degree, IPDF =   3
        Number of full integration points,  NIPF =   4
        Reduced Integration polynomial deg.,IPDR =   1
        No.  of reduced integration points, NIPR =   1
        Integ. poly. deg. for stress comp., ISTR =   1
        No. of integ. pts. for stress comp.,NSTR =   1


     *TIME* = 0.10000E+00     Time Step Number =  1

     S O L U T I O N :

  _____________________________________________________________________________

     Node    x-coord.      y-coord.     Value of u   Value of v
  _____________________________________________________________________________

       1   0.00000E+00   0.00000E+00   0.00000E+00   0.46944E-06
       2   0.10000E+01   0.00000E+00   0.00000E+00  -0.46944E-06
       3   0.10000E+01   0.10000E+01   0.00000E+00   0.46944E-06
       4   0.00000E+00   0.10000E+01   0.00000E+00  -0.46944E-06
       5   0.50000E+00   0.50000E+00   0.97500E-06   0.48369E-15
  _____________________________________________________________________________


     *TIME* = 0.20000E+00     Time Step Number =  2

     S O L U T I O N :

  _____________________________________________________________________________

     Node    x-coord.      y-coord.     Value of u   Value of v
  _____________________________________________________________________________

       1   0.00000E+00   0.00000E+00   0.00000E+00  -0.93889E-06
       2   0.10000E+01   0.00000E+00   0.00000E+00   0.93889E-06
       3   0.10000E+01   0.10000E+01   0.00000E+00  -0.93889E-06
       4   0.00000E+00   0.10000E+01   0.00000E+00   0.93889E-06
       5   0.50000E+00   0.50000E+00  -0.19500E-05  -0.33417E-14
  _____________________________________________________________________________


     *TIME* = 0.30000E+00     Time Step Number =  3

     S O L U T I O N :

  _____________________________________________________________________________

     Node    x-coord.      y-coord.     Value of u   Value of v
  _____________________________________________________________________________

       1   0.00000E+00   0.00000E+00   0.00000E+00   0.32861E-05
       2   0.10000E+01   0.00000E+00   0.00000E+00  -0.32861E-05
       3   0.10000E+01   0.10000E+01   0.00000E+00   0.32861E-05
       4   0.00000E+00   0.10000E+01   0.00000E+00  -0.32861E-05
       5   0.50000E+00   0.50000E+00   0.68250E-05   0.14033E-13
  _____________________________________________________________________________


     *TIME* = 0.40000E+00     Time Step Number =  4

     S O L U T I O N :

  _____________________________________________________________________________

     Node    x-coord.      y-coord.     Value of u   Value of v
  _____________________________________________________________________________

       1   0.00000E+00   0.00000E+00   0.00000E+00  -0.93889E-05
       2   0.10000E+01   0.00000E+00   0.00000E+00   0.93889E-05
       3   0.10000E+01   0.10000E+01   0.00000E+00  -0.93889E-05
       4   0.00000E+00   0.10000E+01   0.00000E+00   0.93889E-05
       5   0.50000E+00   0.50000E+00  -0.19500E-04  -0.60017E-13
  _____________________________________________________________________________


     *TIME* = 0.50000E+00     Time Step Number =  5

     S O L U T I O N :

  _____________________________________________________________________________

     Node    x-coord.      y-coord.     Value of u   Value of v
  _____________________________________________________________________________

       1   0.00000E+00   0.00000E+00   0.00000E+00   0.28636E-04
       2   0.10000E+01   0.00000E+00   0.00000E+00  -0.28636E-04
       3   0.10000E+01   0.10000E+01   0.00000E+00   0.28636E-04
       4   0.00000E+00   0.10000E+01   0.00000E+00  -0.28636E-04
       5   0.50000E+00   0.50000E+00   0.59475E-04   0.22216E-12
  _____________________________________________________________________________


     *TIME* = 0.60000E+00     Time Step Number =  6

     S O L U T I O N :

  _____________________________________________________________________________

     Node    x-coord.      y-coord.     Value of u   Value of v
  _____________________________________________________________________________

       1   0.00000E+00   0.00000E+00   0.00000E+00  -0.85439E-04
       2   0.10000E+01   0.00000E+00   0.00000E+00   0.85439E-04
       3   0.10000E+01   0.10000E+01   0.00000E+00  -0.85439E-04
       4   0.00000E+00   0.10000E+01   0.00000E+00   0.85439E-04
       5   0.50000E+00   0.50000E+00  -0.17745E-03  -0.80452E-12
  _____________________________________________________________________________


     *TIME* = 0.70000E+00     Time Step Number =  7

     S O L U T I O N :

  _____________________________________________________________________________

     Node    x-coord.      y-coord.     Value of u   Value of v
  _____________________________________________________________________________

       1   0.00000E+00   0.00000E+00   0.00000E+00   0.25679E-03
       2   0.10000E+01   0.00000E+00   0.00000E+00  -0.25679E-03
       3   0.10000E+01   0.10000E+01   0.00000E+00   0.25679E-03
       4   0.00000E+00   0.10000E+01   0.00000E+00  -0.25679E-03
       5   0.50000E+00   0.50000E+00   0.53332E-03   0.27997E-11
  _____________________________________________________________________________


     *TIME* = 0.80000E+00     Time Step Number =  8

     S O L U T I O N :

  _____________________________________________________________________________

     Node    x-coord.      y-coord.     Value of u   Value of v
  _____________________________________________________________________________

       1   0.00000E+00   0.00000E+00   0.00000E+00  -0.76989E-03
       2   0.10000E+01   0.00000E+00   0.00000E+00   0.76989E-03
       3   0.10000E+01   0.10000E+01   0.00000E+00  -0.76989E-03
       4   0.00000E+00   0.10000E+01   0.00000E+00   0.76989E-03
       5   0.50000E+00   0.50000E+00  -0.15990E-02  -0.96992E-11
  _____________________________________________________________________________


     *TIME* = 0.90000E+00     Time Step Number =  9

     S O L U T I O N :

  _____________________________________________________________________________

     Node    x-coord.      y-coord.     Value of u   Value of v
  _____________________________________________________________________________

       1   0.00000E+00   0.00000E+00   0.00000E+00   0.23101E-02
       2   0.10000E+01   0.00000E+00   0.00000E+00  -0.23101E-02
       3   0.10000E+01   0.10000E+01   0.00000E+00   0.23101E-02
       4   0.00000E+00   0.10000E+01   0.00000E+00  -0.23101E-02
       5   0.50000E+00   0.50000E+00   0.47980E-02   0.32683E-10
  _____________________________________________________________________________


     *TIME* = 0.10000E+01     Time Step Number = 10

     S O L U T I O N :

  _____________________________________________________________________________

     Node    x-coord.      y-coord.     Value of u   Value of v
  _____________________________________________________________________________

       1   0.00000E+00   0.00000E+00   0.00000E+00  -0.69299E-02
       2   0.10000E+01   0.00000E+00   0.00000E+00   0.69299E-02
       3   0.10000E+01   0.10000E+01   0.00000E+00  -0.69299E-02
       4   0.00000E+00   0.10000E+01   0.00000E+00   0.69299E-02
       5   0.50000E+00   0.50000E+00  -0.14393E-01  -0.10851E-09
  _____________________________________________________________________________

