     *** ECHO OF THE INPUT DATA STARTS ***

FSDT rectangular plate eigen big mesh                                           
3 0 2 1                                                                         
10 0                                                                            
1 4 1 0                                                                         
20 12                                                                           
0.0 0.050000000000 0.050000000000 0.050000000000 0.050000000000 0.050000000000 0
0.0 0.083333333333 0.083333333333 0.083333333333 0.083333333333 0.083333333333 0
192                                                                             
1 1 1 2 1 3 2 1 2 2 2 3 3 1 3 2 3 3 4 1 4 2 4 3 5 1 5 2 5 3 6 1 6 2 6 3 7 1 7 2 
3.0E7 3.0E7 0.3 1.153846153846E7 1.153846153846E7 1.153846153846E7 0.01         
1.0 0.0 0.0                                                                     
     **** ECHO OF THE INPUT DATA ENDS ****

FSDT rectangular plate eigen big mesh                                           
  ______________________________________________________________________

            OUTPUT  from  program *** FEM2D *** by J. N. REDDY
  ______________________________________________________________________


                A  PLATE   BENDING   PROBLEM  IS  ANALYZED
                *** using the shear deformation theory ***

     MATERIAL PROPERTIES OF THE SOLID ANALYZED:

        Thickness of the body, THKNS ............=  0.1000E-01
        Modulus of elasticity, E1 ...............=  0.3000E+08
        Modulus of elasticity, E2 ...............=  0.3000E+08
        Poisson s ratio, ANU12 ..................=  0.3000E+00
        Shear modulus, G12 ......................=  0.1154E+08
        Shear modulus, G13 ......................=  0.1154E+08
        Shear modulus, G23 ......................=  0.1154E+08


        ******* An EIGENVALUE PROBLEM  is analyzed *******

     PARAMETERS OF THE DYNAMIC ANALYSIS:

        Coefficient, C0 .........................=  0.1000E-01
        Coefficient, CX .........................=  0.8333E-07
        Coefficient, CY .........................=  0.8333E-07

        *** A mesh of QUADRILATERALS is chosen by user ***

     FINITE ELEMENT MESH INFORMATION:

        Element type: 0 = Triangle; >0 = Quad.)..=   1
        Number of nodes per element, NPE ........=   4
        No. of primary deg. of freedom/node, NDF =   3
        Number of elements in the mesh, NEM .....= 240
        Number of nodes in the mesh, NNM ........= 273
        Number of equations to be solved, NEQ ...= 819
        Half bandwidth of the matrix GLK, NHBW ..= 819
        Mesh subdivisions, NX and NY ............=  20  12

        No. of specified PRIMARY variables, NSPV = 192
  ______________________________________________________________________

     Node   x-coord.   y-coord.    Speci. primary & secondary variables
                                      (0, unspecified; >0, specified)
                                         Primary DOF  Secondary DOF
  ______________________________________________________________________

       1  0.0000E+00  0.0000E+00          1   2   3     0   0   0
       2  0.5000E-01  0.0000E+00          1   2   3     0   0   0
       3  0.1000E+00  0.0000E+00          1   2   3     0   0   0
       4  0.1500E+00  0.0000E+00          1   2   3     0   0   0
       5  0.2000E+00  0.0000E+00          1   2   3     0   0   0
       6  0.2500E+00  0.0000E+00          1   2   3     0   0   0
       7  0.3000E+00  0.0000E+00          1   2   3     0   0   0
       8  0.3500E+00  0.0000E+00          1   2   3     0   0   0
       9  0.4000E+00  0.0000E+00          1   2   3     0   0   0
      10  0.4500E+00  0.0000E+00          1   2   3     0   0   0
      11  0.5000E+00  0.0000E+00          1   2   3     0   0   0
      12  0.5500E+00  0.0000E+00          1   2   3     0   0   0
      13  0.6000E+00  0.0000E+00          1   2   3     0   0   0
      14  0.6500E+00  0.0000E+00          1   2   3     0   0   0
      15  0.7000E+00  0.0000E+00          1   2   3     0   0   0
      16  0.7500E+00  0.0000E+00          1   2   3     0   0   0
      17  0.8000E+00  0.0000E+00          1   2   3     0   0   0
      18  0.8500E+00  0.0000E+00          1   2   3     0   0   0
      19  0.9000E+00  0.0000E+00          1   2   3     0   0   0
      20  0.9500E+00  0.0000E+00          1   2   3     0   0   0
      21  0.1000E+01  0.0000E+00          1   2   3     0   0   0
      22  0.0000E+00  0.8333E-01          1   2   3     0   0   0
      23  0.5000E-01  0.8333E-01          0   0   0     0   0   0
      24  0.1000E+00  0.8333E-01          0   0   0     0   0   0
      25  0.1500E+00  0.8333E-01          0   0   0     0   0   0
      26  0.2000E+00  0.8333E-01          0   0   0     0   0   0
      27  0.2500E+00  0.8333E-01          0   0   0     0   0   0
      28  0.3000E+00  0.8333E-01          0   0   0     0   0   0
      29  0.3500E+00  0.8333E-01          0   0   0     0   0   0
      30  0.4000E+00  0.8333E-01          0   0   0     0   0   0
      31  0.4500E+00  0.8333E-01          0   0   0     0   0   0
      32  0.5000E+00  0.8333E-01          0   0   0     0   0   0
      33  0.5500E+00  0.8333E-01          0   0   0     0   0   0
      34  0.6000E+00  0.8333E-01          0   0   0     0   0   0
      35  0.6500E+00  0.8333E-01          0   0   0     0   0   0
      36  0.7000E+00  0.8333E-01          0   0   0     0   0   0
      37  0.7500E+00  0.8333E-01          0   0   0     0   0   0
      38  0.8000E+00  0.8333E-01          0   0   0     0   0   0
      39  0.8500E+00  0.8333E-01          0   0   0     0   0   0
      40  0.9000E+00  0.8333E-01          0   0   0     0   0   0
      41  0.9500E+00  0.8333E-01          0   0   0     0   0   0
      42  0.1000E+01  0.8333E-01          1   2   3     0   0   0
      43  0.0000E+00  0.1667E+00          1   2   3     0   0   0
      44  0.5000E-01  0.1667E+00          0   0   0     0   0   0
      45  0.1000E+00  0.1667E+00          0   0   0     0   0   0
      46  0.1500E+00  0.1667E+00          0   0   0     0   0   0
      47  0.2000E+00  0.1667E+00          0   0   0     0   0   0
      48  0.2500E+00  0.1667E+00          0   0   0     0   0   0
      49  0.3000E+00  0.1667E+00          0   0   0     0   0   0
      50  0.3500E+00  0.1667E+00          0   0   0     0   0   0
      51  0.4000E+00  0.1667E+00          0   0   0     0   0   0
      52  0.4500E+00  0.1667E+00          0   0   0     0   0   0
      53  0.5000E+00  0.1667E+00          0   0   0     0   0   0
      54  0.5500E+00  0.1667E+00          0   0   0     0   0   0
      55  0.6000E+00  0.1667E+00          0   0   0     0   0   0
      56  0.6500E+00  0.1667E+00          0   0   0     0   0   0
      57  0.7000E+00  0.1667E+00          0   0   0     0   0   0
      58  0.7500E+00  0.1667E+00          0   0   0     0   0   0
      59  0.8000E+00  0.1667E+00          0   0   0     0   0   0
      60  0.8500E+00  0.1667E+00          0   0   0     0   0   0
      61  0.9000E+00  0.1667E+00          0   0   0     0   0   0
      62  0.9500E+00  0.1667E+00          0   0   0     0   0   0
      63  0.1000E+01  0.1667E+00          1   2   3     0   0   0
      64  0.0000E+00  0.2500E+00          1   2   3     0   0   0
      65  0.5000E-01  0.2500E+00          0   0   0     0   0   0
      66  0.1000E+00  0.2500E+00          0   0   0     0   0   0
      67  0.1500E+00  0.2500E+00          0   0   0     0   0   0
      68  0.2000E+00  0.2500E+00          0   0   0     0   0   0
      69  0.2500E+00  0.2500E+00          0   0   0     0   0   0
      70  0.3000E+00  0.2500E+00          0   0   0     0   0   0
      71  0.3500E+00  0.2500E+00          0   0   0     0   0   0
      72  0.4000E+00  0.2500E+00          0   0   0     0   0   0
      73  0.4500E+00  0.2500E+00          0   0   0     0   0   0
      74  0.5000E+00  0.2500E+00          0   0   0     0   0   0
      75  0.5500E+00  0.2500E+00          0   0   0     0   0   0
      76  0.6000E+00  0.2500E+00          0   0   0     0   0   0
      77  0.6500E+00  0.2500E+00          0   0   0     0   0   0
      78  0.7000E+00  0.2500E+00          0   0   0     0   0   0
      79  0.7500E+00  0.2500E+00          0   0   0     0   0   0
      80  0.8000E+00  0.2500E+00          0   0   0     0   0   0
      81  0.8500E+00  0.2500E+00          0   0   0     0   0   0
      82  0.9000E+00  0.2500E+00          0   0   0     0   0   0
      83  0.9500E+00  0.2500E+00          0   0   0     0   0   0
      84  0.1000E+01  0.2500E+00          1   2   3     0   0   0
      85  0.0000E+00  0.3333E+00          1   2   3     0   0   0
      86  0.5000E-01  0.3333E+00          0   0   0     0   0   0
      87  0.1000E+00  0.3333E+00          0   0   0     0   0   0
      88  0.1500E+00  0.3333E+00          0   0   0     0   0   0
      89  0.2000E+00  0.3333E+00          0   0   0     0   0   0
      90  0.2500E+00  0.3333E+00          0   0   0     0   0   0
      91  0.3000E+00  0.3333E+00          0   0   0     0   0   0
      92  0.3500E+00  0.3333E+00          0   0   0     0   0   0
      93  0.4000E+00  0.3333E+00          0   0   0     0   0   0
      94  0.4500E+00  0.3333E+00          0   0   0     0   0   0
      95  0.5000E+00  0.3333E+00          0   0   0     0   0   0
      96  0.5500E+00  0.3333E+00          0   0   0     0   0   0
      97  0.6000E+00  0.3333E+00          0   0   0     0   0   0
      98  0.6500E+00  0.3333E+00          0   0   0     0   0   0
      99  0.7000E+00  0.3333E+00          0   0   0     0   0   0
     100  0.7500E+00  0.3333E+00          0   0   0     0   0   0
     101  0.8000E+00  0.3333E+00          0   0   0     0   0   0
     102  0.8500E+00  0.3333E+00          0   0   0     0   0   0
     103  0.9000E+00  0.3333E+00          0   0   0     0   0   0
     104  0.9500E+00  0.3333E+00          0   0   0     0   0   0
     105  0.1000E+01  0.3333E+00          1   2   3     0   0   0
     106  0.0000E+00  0.4167E+00          1   2   3     0   0   0
     107  0.5000E-01  0.4167E+00          0   0   0     0   0   0
     108  0.1000E+00  0.4167E+00          0   0   0     0   0   0
     109  0.1500E+00  0.4167E+00          0   0   0     0   0   0
     110  0.2000E+00  0.4167E+00          0   0   0     0   0   0
     111  0.2500E+00  0.4167E+00          0   0   0     0   0   0
     112  0.3000E+00  0.4167E+00          0   0   0     0   0   0
     113  0.3500E+00  0.4167E+00          0   0   0     0   0   0
     114  0.4000E+00  0.4167E+00          0   0   0     0   0   0
     115  0.4500E+00  0.4167E+00          0   0   0     0   0   0
     116  0.5000E+00  0.4167E+00          0   0   0     0   0   0
     117  0.5500E+00  0.4167E+00          0   0   0     0   0   0
     118  0.6000E+00  0.4167E+00          0   0   0     0   0   0
     119  0.6500E+00  0.4167E+00          0   0   0     0   0   0
     120  0.7000E+00  0.4167E+00          0   0   0     0   0   0
     121  0.7500E+00  0.4167E+00          0   0   0     0   0   0
     122  0.8000E+00  0.4167E+00          0   0   0     0   0   0
     123  0.8500E+00  0.4167E+00          0   0   0     0   0   0
     124  0.9000E+00  0.4167E+00          0   0   0     0   0   0
     125  0.9500E+00  0.4167E+00          0   0   0     0   0   0
     126  0.1000E+01  0.4167E+00          1   2   3     0   0   0
     127  0.0000E+00  0.5000E+00          1   2   3     0   0   0
     128  0.5000E-01  0.5000E+00          0   0   0     0   0   0
     129  0.1000E+00  0.5000E+00          0   0   0     0   0   0
     130  0.1500E+00  0.5000E+00          0   0   0     0   0   0
     131  0.2000E+00  0.5000E+00          0   0   0     0   0   0
     132  0.2500E+00  0.5000E+00          0   0   0     0   0   0
     133  0.3000E+00  0.5000E+00          0   0   0     0   0   0
     134  0.3500E+00  0.5000E+00          0   0   0     0   0   0
     135  0.4000E+00  0.5000E+00          0   0   0     0   0   0
     136  0.4500E+00  0.5000E+00          0   0   0     0   0   0
     137  0.5000E+00  0.5000E+00          0   0   0     0   0   0
     138  0.5500E+00  0.5000E+00          0   0   0     0   0   0
     139  0.6000E+00  0.5000E+00          0   0   0     0   0   0
     140  0.6500E+00  0.5000E+00          0   0   0     0   0   0
     141  0.7000E+00  0.5000E+00          0   0   0     0   0   0
     142  0.7500E+00  0.5000E+00          0   0   0     0   0   0
     143  0.8000E+00  0.5000E+00          0   0   0     0   0   0
     144  0.8500E+00  0.5000E+00          0   0   0     0   0   0
     145  0.9000E+00  0.5000E+00          0   0   0     0   0   0
     146  0.9500E+00  0.5000E+00          0   0   0     0   0   0
     147  0.1000E+01  0.5000E+00          1   2   3     0   0   0
     148  0.0000E+00  0.5833E+00          1   2   3     0   0   0
     149  0.5000E-01  0.5833E+00          0   0   0     0   0   0
     150  0.1000E+00  0.5833E+00          0   0   0     0   0   0
     151  0.1500E+00  0.5833E+00          0   0   0     0   0   0
     152  0.2000E+00  0.5833E+00          0   0   0     0   0   0
     153  0.2500E+00  0.5833E+00          0   0   0     0   0   0
     154  0.3000E+00  0.5833E+00          0   0   0     0   0   0
     155  0.3500E+00  0.5833E+00          0   0   0     0   0   0
     156  0.4000E+00  0.5833E+00          0   0   0     0   0   0
     157  0.4500E+00  0.5833E+00          0   0   0     0   0   0
     158  0.5000E+00  0.5833E+00          0   0   0     0   0   0
     159  0.5500E+00  0.5833E+00          0   0   0     0   0   0
     160  0.6000E+00  0.5833E+00          0   0   0     0   0   0
     161  0.6500E+00  0.5833E+00          0   0   0     0   0   0
     162  0.7000E+00  0.5833E+00          0   0   0     0   0   0
     163  0.7500E+00  0.5833E+00          0   0   0     0   0   0
     164  0.8000E+00  0.5833E+00          0   0   0     0   0   0
     165  0.8500E+00  0.5833E+00          0   0   0     0   0   0
     166  0.9000E+00  0.5833E+00          0   0   0     0   0   0
     167  0.9500E+00  0.5833E+00          0   0   0     0   0   0
     168  0.1000E+01  0.5833E+00          1   2   3     0   0   0
     169  0.0000E+00  0.6667E+00          1   2   3     0   0   0
     170  0.5000E-01  0.6667E+00          0   0   0     0   0   0
     171  0.1000E+00  0.6667E+00          0   0   0     0   0   0
     172  0.1500E+00  0.6667E+00          0   0   0     0   0   0
     173  0.2000E+00  0.6667E+00          0   0   0     0   0   0
     174  0.2500E+00  0.6667E+00          0   0   0     0   0   0
     175  0.3000E+00  0.6667E+00          0   0   0     0   0   0
     176  0.3500E+00  0.6667E+00          0   0   0     0   0   0
     177  0.4000E+00  0.6667E+00          0   0   0     0   0   0
     178  0.4500E+00  0.6667E+00          0   0   0     0   0   0
     179  0.5000E+00  0.6667E+00          0   0   0     0   0   0
     180  0.5500E+00  0.6667E+00          0   0   0     0   0   0
     181  0.6000E+00  0.6667E+00          0   0   0     0   0   0
     182  0.6500E+00  0.6667E+00          0   0   0     0   0   0
     183  0.7000E+00  0.6667E+00          0   0   0     0   0   0
     184  0.7500E+00  0.6667E+00          0   0   0     0   0   0
     185  0.8000E+00  0.6667E+00          0   0   0     0   0   0
     186  0.8500E+00  0.6667E+00          0   0   0     0   0   0
     187  0.9000E+00  0.6667E+00          0   0   0     0   0   0
     188  0.9500E+00  0.6667E+00          0   0   0     0   0   0
     189  0.1000E+01  0.6667E+00          1   2   3     0   0   0
     190  0.0000E+00  0.7500E+00          1   2   3     0   0   0
     191  0.5000E-01  0.7500E+00          0   0   0     0   0   0
     192  0.1000E+00  0.7500E+00          0   0   0     0   0   0
     193  0.1500E+00  0.7500E+00          0   0   0     0   0   0
     194  0.2000E+00  0.7500E+00          0   0   0     0   0   0
     195  0.2500E+00  0.7500E+00          0   0   0     0   0   0
     196  0.3000E+00  0.7500E+00          0   0   0     0   0   0
     197  0.3500E+00  0.7500E+00          0   0   0     0   0   0
     198  0.4000E+00  0.7500E+00          0   0   0     0   0   0
     199  0.4500E+00  0.7500E+00          0   0   0     0   0   0
     200  0.5000E+00  0.7500E+00          0   0   0     0   0   0
     201  0.5500E+00  0.7500E+00          0   0   0     0   0   0
     202  0.6000E+00  0.7500E+00          0   0   0     0   0   0
     203  0.6500E+00  0.7500E+00          0   0   0     0   0   0
     204  0.7000E+00  0.7500E+00          0   0   0     0   0   0
     205  0.7500E+00  0.7500E+00          0   0   0     0   0   0
     206  0.8000E+00  0.7500E+00          0   0   0     0   0   0
     207  0.8500E+00  0.7500E+00          0   0   0     0   0   0
     208  0.9000E+00  0.7500E+00          0   0   0     0   0   0
     209  0.9500E+00  0.7500E+00          0   0   0     0   0   0
     210  0.1000E+01  0.7500E+00          1   2   3     0   0   0
     211  0.0000E+00  0.8333E+00          1   2   3     0   0   0
     212  0.5000E-01  0.8333E+00          0   0   0     0   0   0
     213  0.1000E+00  0.8333E+00          0   0   0     0   0   0
     214  0.1500E+00  0.8333E+00          0   0   0     0   0   0
     215  0.2000E+00  0.8333E+00          0   0   0     0   0   0
     216  0.2500E+00  0.8333E+00          0   0   0     0   0   0
     217  0.3000E+00  0.8333E+00          0   0   0     0   0   0
     218  0.3500E+00  0.8333E+00          0   0   0     0   0   0
     219  0.4000E+00  0.8333E+00          0   0   0     0   0   0
     220  0.4500E+00  0.8333E+00          0   0   0     0   0   0
     221  0.5000E+00  0.8333E+00          0   0   0     0   0   0
     222  0.5500E+00  0.8333E+00          0   0   0     0   0   0
     223  0.6000E+00  0.8333E+00          0   0   0     0   0   0
     224  0.6500E+00  0.8333E+00          0   0   0     0   0   0
     225  0.7000E+00  0.8333E+00          0   0   0     0   0   0
     226  0.7500E+00  0.8333E+00          0   0   0     0   0   0
     227  0.8000E+00  0.8333E+00          0   0   0     0   0   0
     228  0.8500E+00  0.8333E+00          0   0   0     0   0   0
     229  0.9000E+00  0.8333E+00          0   0   0     0   0   0
     230  0.9500E+00  0.8333E+00          0   0   0     0   0   0
     231  0.1000E+01  0.8333E+00          1   2   3     0   0   0
     232  0.0000E+00  0.9167E+00          1   2   3     0   0   0
     233  0.5000E-01  0.9167E+00          0   0   0     0   0   0
     234  0.1000E+00  0.9167E+00          0   0   0     0   0   0
     235  0.1500E+00  0.9167E+00          0   0   0     0   0   0
     236  0.2000E+00  0.9167E+00          0   0   0     0   0   0
     237  0.2500E+00  0.9167E+00          0   0   0     0   0   0
     238  0.3000E+00  0.9167E+00          0   0   0     0   0   0
     239  0.3500E+00  0.9167E+00          0   0   0     0   0   0
     240  0.4000E+00  0.9167E+00          0   0   0     0   0   0
     241  0.4500E+00  0.9167E+00          0   0   0     0   0   0
     242  0.5000E+00  0.9167E+00          0   0   0     0   0   0
     243  0.5500E+00  0.9167E+00          0   0   0     0   0   0
     244  0.6000E+00  0.9167E+00          0   0   0     0   0   0
     245  0.6500E+00  0.9167E+00          0   0   0     0   0   0
     246  0.7000E+00  0.9167E+00          0   0   0     0   0   0
     247  0.7500E+00  0.9167E+00          0   0   0     0   0   0
     248  0.8000E+00  0.9167E+00          0   0   0     0   0   0
     249  0.8500E+00  0.9167E+00          0   0   0     0   0   0
     250  0.9000E+00  0.9167E+00          0   0   0     0   0   0
     251  0.9500E+00  0.9167E+00          0   0   0     0   0   0
     252  0.1000E+01  0.9167E+00          1   2   3     0   0   0
     253  0.0000E+00  0.1000E+01          1   2   3     0   0   0
     254  0.5000E-01  0.1000E+01          1   2   3     0   0   0
     255  0.1000E+00  0.1000E+01          1   2   3     0   0   0
     256  0.1500E+00  0.1000E+01          1   2   3     0   0   0
     257  0.2000E+00  0.1000E+01          1   2   3     0   0   0
     258  0.2500E+00  0.1000E+01          1   2   3     0   0   0
     259  0.3000E+00  0.1000E+01          1   2   3     0   0   0
     260  0.3500E+00  0.1000E+01          1   2   3     0   0   0
     261  0.4000E+00  0.1000E+01          1   2   3     0   0   0
     262  0.4500E+00  0.1000E+01          1   2   3     0   0   0
     263  0.5000E+00  0.1000E+01          1   2   3     0   0   0
     264  0.5500E+00  0.1000E+01          1   2   3     0   0   0
     265  0.6000E+00  0.1000E+01          1   2   3     0   0   0
     266  0.6500E+00  0.1000E+01          1   2   3     0   0   0
     267  0.7000E+00  0.1000E+01          1   2   3     0   0   0
     268  0.7500E+00  0.1000E+01          1   2   3     0   0   0
     269  0.8000E+00  0.1000E+01          1   2   3     0   0   0
     270  0.8500E+00  0.1000E+01          1   2   3     0   0   0
     271  0.9000E+00  0.1000E+01          1   2   3     0   0   0
     272  0.9500E+00  0.1000E+01          1   2   3     0   0   0
     273  0.1000E+01  0.1000E+01          1   2   3     0   0   0
  ______________________________________________________________________


     NUMERICAL INTEGRATION DATA:

        Full quadrature (IPDF x IPDF) rule, IPDF =   2
        Reduced quadrature (IPDR x IPDR),   IPDR =   1
        Quadrature rule used in postproc.,  ISTR =   1


     S O L U T I O N :


        Number of Jacobi iterations ..... NROT =803225



   Eigenvalue(  1) =   0.253728E+13   Frequency =  0.15929E+07

   Eigenvalue(  2) =   0.253728E+13   Frequency =  0.15929E+07

   Eigenvalue(  3) =   0.249296E+13   Frequency =  0.15789E+07

   Eigenvalue(  4) =   0.249128E+13   Frequency =  0.15784E+07

   Eigenvalue(  5) =   0.242032E+13   Frequency =  0.15557E+07

   Eigenvalue(  6) =   0.241589E+13   Frequency =  0.15543E+07

   Eigenvalue(  7) =   0.241078E+13   Frequency =  0.15527E+07

   Eigenvalue(  8) =   0.240912E+13   Frequency =  0.15521E+07

   Eigenvalue(  9) =   0.236710E+13   Frequency =  0.15385E+07

   Eigenvalue( 10) =   0.236708E+13   Frequency =  0.15385E+07
