     *** ECHO OF THE INPUT DATA STARTS ***

FSDT rectangular plate static big mesh                                          
3 0 0 0                                                                         
1 4 1 0                                                                         
20 12                                                                           
0.0 0.050000000000 0.050000000000 0.050000000000 0.050000000000 0.050000000000 0
0.0 0.083333333333 0.083333333333 0.083333333333 0.083333333333 0.083333333333 0
192                                                                             
1 1 1 2 1 3 2 1 2 2 2 3 3 1 3 2 3 3 4 1 4 2 4 3 5 1 5 2 5 3 6 1 6 2 6 3 7 1 7 2 
0.0 0.0 0.0 0.0 0.0 0.0 0.0 0.0 0.0 0.0 0.0 0.0 0.0 0.0 0.0 0.0 0.0 0.0 0.0 0.0 
0                                                                               
3.0E7 3.0E7 0.3 1.153846153846E7 1.153846153846E7 1.153846153846E7 0.01         
1.0 0.0 0.0                                                                     
     **** ECHO OF THE INPUT DATA ENDS ****

FSDT rectangular plate static big mesh                                          
  ______________________________________________________________________

            OUTPUT  from  program *** FEM2D *** by J. N. REDDY
  ______________________________________________________________________


                A  PLATE   BENDING   PROBLEM  IS  ANALYZED
                *** using the shear deformation theory ***

     MATERIAL PROPERTIES OF THE SOLID ANALYZED:

        Thickness of the body, THKNS ............=  0.1000E-01
        Modulus of elasticity, E1 ...............=  0.3000E+08
        Modulus of elasticity, E2 ...............=  0.3000E+08
        Poisson s ratio, ANU12 ..................=  0.3000E+00
        Shear modulus, G12 ......................=  0.1154E+08
        Shear modulus, G13 ......................=  0.1154E+08
        Shear modulus, G23 ......................=  0.1154E+08


     CONTINUOUS SOURCE COEFFICIENTS:

        Coefficient, F0  ........................=  0.1000E+01
        Coefficient, FX  ........................=  0.0000E+00
        Coefficient, FY  ........................=  0.0000E+00


        ******* A STEADY-STATE PROBLEM is analyzed *******

        *** A mesh of QUADRILATERALS is chosen by user ***

     FINITE ELEMENT MESH INFORMATION:

        Element type: 0 = Triangle; >0 = Quad.)..=   1
        Number of nodes per element, NPE ........=   4
        No. of primary deg. of freedom/node, NDF =   3
        Number of elements in the mesh, NEM .....= 240
        Number of nodes in the mesh, NNM ........= 273
        Number of equations to be solved, NEQ ...= 819
        Half bandwidth of the matrix GLK, NHBW ..=  69
        Mesh subdivisions, NX and NY ............=  20  12

        No. of specified PRIMARY variables, NSPV = 192
  ______________________________________________________________________

     Node   x-coord.   y-coord.    Speci. primary & secondary variables
                                      (0, unspecified; >0, specified)
                                         Primary DOF  Secondary DOF
  ______________________________________________________________________

       1  0.0000E+00  0.0000E+00          1   2   3     0   0   0
       2  0.5000E-01  0.0000E+00          1   2   3     0   0   0
       3  0.1000E+00  0.0000E+00          1   2   3     0   0   0
       4  0.1500E+00  0.0000E+00          1   2   3     0   0   0
       5  0.2000E+00  0.0000E+00          1   2   3     0   0   0
       6  0.2500E+00  0.0000E+00          1   2   3     0   0   0
       7  0.3000E+00  0.0000E+00          1   2   3     0   0   0
       8  0.3500E+00  0.0000E+00          1   2   3     0   0   0
       9  0.4000E+00  0.0000E+00          1   2   3     0   0   0
      10  0.4500E+00  0.0000E+00          1   2   3     0   0   0
      11  0.5000E+00  0.0000E+00          1   2   3     0   0   0
      12  0.5500E+00  0.0000E+00          1   2   3     0   0   0
      13  0.6000E+00  0.0000E+00          1   2   3     0   0   0
      14  0.6500E+00  0.0000E+00          1   2   3     0   0   0
      15  0.7000E+00  0.0000E+00          1   2   3     0   0   0
      16  0.7500E+00  0.0000E+00          1   2   3     0   0   0
      17  0.8000E+00  0.0000E+00          1   2   3     0   0   0
      18  0.8500E+00  0.0000E+00          1   2   3     0   0   0
      19  0.9000E+00  0.0000E+00          1   2   3     0   0   0
      20  0.9500E+00  0.0000E+00          1   2   3     0   0   0
      21  0.1000E+01  0.0000E+00          1   2   3     0   0   0
      22  0.0000E+00  0.8333E-01          1   2   3     0   0   0
      23  0.5000E-01  0.8333E-01          0   0   0     0   0   0
      24  0.1000E+00  0.8333E-01          0   0   0     0   0   0
      25  0.1500E+00  0.8333E-01          0   0   0     0   0   0
      26  0.2000E+00  0.8333E-01          0   0   0     0   0   0
      27  0.2500E+00  0.8333E-01          0   0   0     0   0   0
      28  0.3000E+00  0.8333E-01          0   0   0     0   0   0
      29  0.3500E+00  0.8333E-01          0   0   0     0   0   0
      30  0.4000E+00  0.8333E-01          0   0   0     0   0   0
      31  0.4500E+00  0.8333E-01          0   0   0     0   0   0
      32  0.5000E+00  0.8333E-01          0   0   0     0   0   0
      33  0.5500E+00  0.8333E-01          0   0   0     0   0   0
      34  0.6000E+00  0.8333E-01          0   0   0     0   0   0
      35  0.6500E+00  0.8333E-01          0   0   0     0   0   0
      36  0.7000E+00  0.8333E-01          0   0   0     0   0   0
      37  0.7500E+00  0.8333E-01          0   0   0     0   0   0
      38  0.8000E+00  0.8333E-01          0   0   0     0   0   0
      39  0.8500E+00  0.8333E-01          0   0   0     0   0   0
      40  0.9000E+00  0.8333E-01          0   0   0     0   0   0
      41  0.9500E+00  0.8333E-01          0   0   0     0   0   0
      42  0.1000E+01  0.8333E-01          1   2   3     0   0   0
      43  0.0000E+00  0.1667E+00          1   2   3     0   0   0
      44  0.5000E-01  0.1667E+00          0   0   0     0   0   0
      45  0.1000E+00  0.1667E+00          0   0   0     0   0   0
      46  0.1500E+00  0.1667E+00          0   0   0     0   0   0
      47  0.2000E+00  0.1667E+00          0   0   0     0   0   0
      48  0.2500E+00  0.1667E+00          0   0   0     0   0   0
      49  0.3000E+00  0.1667E+00          0   0   0     0   0   0
      50  0.3500E+00  0.1667E+00          0   0   0     0   0   0
      51  0.4000E+00  0.1667E+00          0   0   0     0   0   0
      52  0.4500E+00  0.1667E+00          0   0   0     0   0   0
      53  0.5000E+00  0.1667E+00          0   0   0     0   0   0
      54  0.5500E+00  0.1667E+00          0   0   0     0   0   0
      55  0.6000E+00  0.1667E+00          0   0   0     0   0   0
      56  0.6500E+00  0.1667E+00          0   0   0     0   0   0
      57  0.7000E+00  0.1667E+00          0   0   0     0   0   0
      58  0.7500E+00  0.1667E+00          0   0   0     0   0   0
      59  0.8000E+00  0.1667E+00          0   0   0     0   0   0
      60  0.8500E+00  0.1667E+00          0   0   0     0   0   0
      61  0.9000E+00  0.1667E+00          0   0   0     0   0   0
      62  0.9500E+00  0.1667E+00          0   0   0     0   0   0
      63  0.1000E+01  0.1667E+00          1   2   3     0   0   0
      64  0.0000E+00  0.2500E+00          1   2   3     0   0   0
      65  0.5000E-01  0.2500E+00          0   0   0     0   0   0
      66  0.1000E+00  0.2500E+00          0   0   0     0   0   0
      67  0.1500E+00  0.2500E+00          0   0   0     0   0   0
      68  0.2000E+00  0.2500E+00          0   0   0     0   0   0
      69  0.2500E+00  0.2500E+00          0   0   0     0   0   0
      70  0.3000E+00  0.2500E+00          0   0   0     0   0   0
      71  0.3500E+00  0.2500E+00          0   0   0     0   0   0
      72  0.4000E+00  0.2500E+00          0   0   0     0   0   0
      73  0.4500E+00  0.2500E+00          0   0   0     0   0   0
      74  0.5000E+00  0.2500E+00          0   0   0     0   0   0
      75  0.5500E+00  0.2500E+00          0   0   0     0   0   0
      76  0.6000E+00  0.2500E+00          0   0   0     0   0   0
      77  0.6500E+00  0.2500E+00          0   0   0     0   0   0
      78  0.7000E+00  0.2500E+00          0   0   0     0   0   0
      79  0.7500E+00  0.2500E+00          0   0   0     0   0   0
      80  0.8000E+00  0.2500E+00          0   0   0     0   0   0
      81  0.8500E+00  0.2500E+00          0   0   0     0   0   0
      82  0.9000E+00  0.2500E+00          0   0   0     0   0   0
      83  0.9500E+00  0.2500E+00          0   0   0     0   0   0
      84  0.1000E+01  0.2500E+00          1   2   3     0   0   0
      85  0.0000E+00  0.3333E+00          1   2   3     0   0   0
      86  0.5000E-01  0.3333E+00          0   0   0     0   0   0
      87  0.1000E+00  0.3333E+00          0   0   0     0   0   0
      88  0.1500E+00  0.3333E+00          0   0   0     0   0   0
      89  0.2000E+00  0.3333E+00          0   0   0     0   0   0
      90  0.2500E+00  0.3333E+00          0   0   0     0   0   0
      91  0.3000E+00  0.3333E+00          0   0   0     0   0   0
      92  0.3500E+00  0.3333E+00          0   0   0     0   0   0
      93  0.4000E+00  0.3333E+00          0   0   0     0   0   0
      94  0.4500E+00  0.3333E+00          0   0   0     0   0   0
      95  0.5000E+00  0.3333E+00          0   0   0     0   0   0
      96  0.5500E+00  0.3333E+00          0   0   0     0   0   0
      97  0.6000E+00  0.3333E+00          0   0   0     0   0   0
      98  0.6500E+00  0.3333E+00          0   0   0     0   0   0
      99  0.7000E+00  0.3333E+00          0   0   0     0   0   0
     100  0.7500E+00  0.3333E+00          0   0   0     0   0   0
     101  0.8000E+00  0.3333E+00          0   0   0     0   0   0
     102  0.8500E+00  0.3333E+00          0   0   0     0   0   0
     103  0.9000E+00  0.3333E+00          0   0   0     0   0   0
     104  0.9500E+00  0.3333E+00          0   0   0     0   0   0
     105  0.1000E+01  0.3333E+00          1   2   3     0   0   0
     106  0.0000E+00  0.4167E+00          1   2   3     0   0   0
     107  0.5000E-01  0.4167E+00          0   0   0     0   0   0
     108  0.1000E+00  0.4167E+00          0   0   0     0   0   0
     109  0.1500E+00  0.4167E+00          0   0   0     0   0   0
     110  0.2000E+00  0.4167E+00          0   0   0     0   0   0
     111  0.2500E+00  0.4167E+00          0   0   0     0   0   0
     112  0.3000E+00  0.4167E+00          0   0   0     0   0   0
     113  0.3500E+00  0.4167E+00          0   0   0     0   0   0
     114  0.4000E+00  0.4167E+00          0   0   0     0   0   0
     115  0.4500E+00  0.4167E+00          0   0   0     0   0   0
     116  0.5000E+00  0.4167E+00          0   0   0     0   0   0
     117  0.5500E+00  0.4167E+00          0   0   0     0   0   0
     118  0.6000E+00  0.4167E+00          0   0   0     0   0   0
     119  0.6500E+00  0.4167E+00          0   0   0     0   0   0
     120  0.7000E+00  0.4167E+00          0   0   0     0   0   0
     121  0.7500E+00  0.4167E+00          0   0   0     0   0   0
     122  0.8000E+00  0.4167E+00          0   0   0     0   0   0
     123  0.8500E+00  0.4167E+00          0   0   0     0   0   0
     124  0.9000E+00  0.4167E+00          0   0   0     0   0   0
     125  0.9500E+00  0.4167E+00          0   0   0     0   0   0
     126  0.1000E+01  0.4167E+00          1   2   3     0   0   0
     127  0.0000E+00  0.5000E+00          1   2   3     0   0   0
     128  0.5000E-01  0.5000E+00          0   0   0     0   0   0
     129  0.1000E+00  0.5000E+00          0   0   0     0   0   0
     130  0.1500E+00  0.5000E+00          0   0   0     0   0   0
     131  0.2000E+00  0.5000E+00          0   0   0     0   0   0
     132  0.2500E+00  0.5000E+00          0   0   0     0   0   0
     133  0.3000E+00  0.5000E+00          0   0   0     0   0   0
     134  0.3500E+00  0.5000E+00          0   0   0     0   0   0
     135  0.4000E+00  0.5000E+00          0   0   0     0   0   0
     136  0.4500E+00  0.5000E+00          0   0   0     0   0   0
     137  0.5000E+00  0.5000E+00          0   0   0     0   0   0
     138  0.5500E+00  0.5000E+00          0   0   0     0   0   0
     139  0.6000E+00  0.5000E+00          0   0   0     0   0   0
     140  0.6500E+00  0.5000E+00          0   0   0     0   0   0
     141  0.7000E+00  0.5000E+00          0   0   0     0   0   0
     142  0.7500E+00  0.5000E+00          0   0   0     0   0   0
     143  0.8000E+00  0.5000E+00          0   0   0     0   0   0
     144  0.8500E+00  0.5000E+00          0   0   0     0   0   0
     145  0.9000E+00  0.5000E+00          0   0   0     0   0   0
     146  0.9500E+00  0.5000E+00          0   0   0     0   0   0
     147  0.1000E+01  0.5000E+00          1   2   3     0   0   0
     148  0.0000E+00  0.5833E+00          1   2   3     0   0   0
     149  0.5000E-01  0.5833E+00          0   0   0     0   0   0
     150  0.1000E+00  0.5833E+00          0   0   0     0   0   0
     151  0.1500E+00  0.5833E+00          0   0   0     0   0   0
     152  0.2000E+00  0.5833E+00          0   0   0     0   0   0
     153  0.2500E+00  0.5833E+00          0   0   0     0   0   0
     154  0.3000E+00  0.5833E+00          0   0   0     0   0   0
     155  0.3500E+00  0.5833E+00          0   0   0     0   0   0
     156  0.4000E+00  0.5833E+00          0   0   0     0   0   0
     157  0.4500E+00  0.5833E+00          0   0   0     0   0   0
     158  0.5000E+00  0.5833E+00          0   0   0     0   0   0
     159  0.5500E+00  0.5833E+00          0   0   0     0   0   0
     160  0.6000E+00  0.5833E+00          0   0   0     0   0   0
     161  0.6500E+00  0.5833E+00          0   0   0     0   0   0
     162  0.7000E+00  0.5833E+00          0   0   0     0   0   0
     163  0.7500E+00  0.5833E+00          0   0   0     0   0   0
     164  0.8000E+00  0.5833E+00          0   0   0     0   0   0
     165  0.8500E+00  0.5833E+00          0   0   0     0   0   0
     166  0.9000E+00  0.5833E+00          0   0   0     0   0   0
     167  0.9500E+00  0.5833E+00          0   0   0     0   0   0
     168  0.1000E+01  0.5833E+00          1   2   3     0   0   0
     169  0.0000E+00  0.6667E+00          1   2   3     0   0   0
     170  0.5000E-01  0.6667E+00          0   0   0     0   0   0
     171  0.1000E+00  0.6667E+00          0   0   0     0   0   0
     172  0.1500E+00  0.6667E+00          0   0   0     0   0   0
     173  0.2000E+00  0.6667E+00          0   0   0     0   0   0
     174  0.2500E+00  0.6667E+00          0   0   0     0   0   0
     175  0.3000E+00  0.6667E+00          0   0   0     0   0   0
     176  0.3500E+00  0.6667E+00          0   0   0     0   0   0
     177  0.4000E+00  0.6667E+00          0   0   0     0   0   0
     178  0.4500E+00  0.6667E+00          0   0   0     0   0   0
     179  0.5000E+00  0.6667E+00          0   0   0     0   0   0
     180  0.5500E+00  0.6667E+00          0   0   0     0   0   0
     181  0.6000E+00  0.6667E+00          0   0   0     0   0   0
     182  0.6500E+00  0.6667E+00          0   0   0     0   0   0
     183  0.7000E+00  0.6667E+00          0   0   0     0   0   0
     184  0.7500E+00  0.6667E+00          0   0   0     0   0   0
     185  0.8000E+00  0.6667E+00          0   0   0     0   0   0
     186  0.8500E+00  0.6667E+00          0   0   0     0   0   0
     187  0.9000E+00  0.6667E+00          0   0   0     0   0   0
     188  0.9500E+00  0.6667E+00          0   0   0     0   0   0
     189  0.1000E+01  0.6667E+00          1   2   3     0   0   0
     190  0.0000E+00  0.7500E+00          1   2   3     0   0   0
     191  0.5000E-01  0.7500E+00          0   0   0     0   0   0
     192  0.1000E+00  0.7500E+00          0   0   0     0   0   0
     193  0.1500E+00  0.7500E+00          0   0   0     0   0   0
     194  0.2000E+00  0.7500E+00          0   0   0     0   0   0
     195  0.2500E+00  0.7500E+00          0   0   0     0   0   0
     196  0.3000E+00  0.7500E+00          0   0   0     0   0   0
     197  0.3500E+00  0.7500E+00          0   0   0     0   0   0
     198  0.4000E+00  0.7500E+00          0   0   0     0   0   0
     199  0.4500E+00  0.7500E+00          0   0   0     0   0   0
     200  0.5000E+00  0.7500E+00          0   0   0     0   0   0
     201  0.5500E+00  0.7500E+00          0   0   0     0   0   0
     202  0.6000E+00  0.7500E+00          0   0   0     0   0   0
     203  0.6500E+00  0.7500E+00          0   0   0     0   0   0
     204  0.7000E+00  0.7500E+00          0   0   0     0   0   0
     205  0.7500E+00  0.7500E+00          0   0   0     0   0   0
     206  0.8000E+00  0.7500E+00          0   0   0     0   0   0
     207  0.8500E+00  0.7500E+00          0   0   0     0   0   0
     208  0.9000E+00  0.7500E+00          0   0   0     0   0   0
     209  0.9500E+00  0.7500E+00          0   0   0     0   0   0
     210  0.1000E+01  0.7500E+00          1   2   3     0   0   0
     211  0.0000E+00  0.8333E+00          1   2   3     0   0   0
     212  0.5000E-01  0.8333E+00          0   0   0     0   0   0
     213  0.1000E+00  0.8333E+00          0   0   0     0   0   0
     214  0.1500E+00  0.8333E+00          0   0   0     0   0   0
     215  0.2000E+00  0.8333E+00          0   0   0     0   0   0
     216  0.2500E+00  0.8333E+00          0   0   0     0   0   0
     217  0.3000E+00  0.8333E+00          0   0   0     0   0   0
     218  0.3500E+00  0.8333E+00          0   0   0     0   0   0
     219  0.4000E+00  0.8333E+00          0   0   0     0   0   0
     220  0.4500E+00  0.8333E+00          0   0   0     0   0   0
     221  0.5000E+00  0.8333E+00          0   0   0     0   0   0
     222  0.5500E+00  0.8333E+00          0   0   0     0   0   0
     223  0.6000E+00  0.8333E+00          0   0   0     0   0   0
     224  0.6500E+00  0.8333E+00          0   0   0     0   0   0
     225  0.7000E+00  0.8333E+00          0   0   0     0   0   0
     226  0.7500E+00  0.8333E+00          0   0   0     0   0   0
     227  0.8000E+00  0.8333E+00          0   0   0     0   0   0
     228  0.8500E+00  0.8333E+00          0   0   0     0   0   0
     229  0.9000E+00  0.8333E+00          0   0   0     0   0   0
     230  0.9500E+00  0.8333E+00          0   0   0     0   0   0
     231  0.1000E+01  0.8333E+00          1   2   3     0   0   0
     232  0.0000E+00  0.9167E+00          1   2   3     0   0   0
     233  0.5000E-01  0.9167E+00          0   0   0     0   0   0
     234  0.1000E+00  0.9167E+00          0   0   0     0   0   0
     235  0.1500E+00  0.9167E+00          0   0   0     0   0   0
     236  0.2000E+00  0.9167E+00          0   0   0     0   0   0
     237  0.2500E+00  0.9167E+00          0   0   0     0   0   0
     238  0.3000E+00  0.9167E+00          0   0   0     0   0   0
     239  0.3500E+00  0.9167E+00          0   0   0     0   0   0
     240  0.4000E+00  0.9167E+00          0   0   0     0   0   0
     241  0.4500E+00  0.9167E+00          0   0   0     0   0   0
     242  0.5000E+00  0.9167E+00          0   0   0     0   0   0
     243  0.5500E+00  0.9167E+00          0   0   0     0   0   0
     244  0.6000E+00  0.9167E+00          0   0   0     0   0   0
     245  0.6500E+00  0.9167E+00          0   0   0     0   0   0
     246  0.7000E+00  0.9167E+00          0   0   0     0   0   0
     247  0.7500E+00  0.9167E+00          0   0   0     0   0   0
     248  0.8000E+00  0.9167E+00          0   0   0     0   0   0
     249  0.8500E+00  0.9167E+00          0   0   0     0   0   0
     250  0.9000E+00  0.9167E+00          0   0   0     0   0   0
     251  0.9500E+00  0.9167E+00          0   0   0     0   0   0
     252  0.1000E+01  0.9167E+00          1   2   3     0   0   0
     253  0.0000E+00  0.1000E+01          1   2   3     0   0   0
     254  0.5000E-01  0.1000E+01          1   2   3     0   0   0
     255  0.1000E+00  0.1000E+01          1   2   3     0   0   0
     256  0.1500E+00  0.1000E+01          1   2   3     0   0   0
     257  0.2000E+00  0.1000E+01          1   2   3     0   0   0
     258  0.2500E+00  0.1000E+01          1   2   3     0   0   0
     259  0.3000E+00  0.1000E+01          1   2   3     0   0   0
     260  0.3500E+00  0.1000E+01          1   2   3     0   0   0
     261  0.4000E+00  0.1000E+01          1   2   3     0   0   0
     262  0.4500E+00  0.1000E+01          1   2   3     0   0   0
     263  0.5000E+00  0.1000E+01          1   2   3     0   0   0
     264  0.5500E+00  0.1000E+01          1   2   3     0   0   0
     265  0.6000E+00  0.1000E+01          1   2   3     0   0   0
     266  0.6500E+00  0.1000E+01          1   2   3     0   0   0
     267  0.7000E+00  0.1000E+01          1   2   3     0   0   0
     268  0.7500E+00  0.1000E+01          1   2   3     0   0   0
     269  0.8000E+00  0.1000E+01          1   2   3     0   0   0
     270  0.8500E+00  0.1000E+01          1   2   3     0   0   0
     271  0.9000E+00  0.1000E+01          1   2   3     0   0   0
     272  0.9500E+00  0.1000E+01          1   2   3     0   0   0
     273  0.1000E+01  0.1000E+01          1   2   3     0   0   0
  ______________________________________________________________________


     NUMERICAL INTEGRATION DATA:

        Full quadrature (IPDF x IPDF) rule, IPDF =   2
        Reduced quadrature (IPDR x IPDR),   IPDR =   1
        Quadrature rule used in postproc.,  ISTR =   1


     S O L U T I O N :

  _____________________________________________________________________________

     Node    x-coord.      y-coord.     deflec. w    x-rotation    y-rotation
  _____________________________________________________________________________

       1   0.00000E+00   0.00000E+00   0.00000E+00   0.00000E+00   0.00000E+00
       2   0.50000E-01   0.00000E+00   0.00000E+00   0.00000E+00   0.00000E+00
       3   0.10000E+00   0.00000E+00   0.00000E+00   0.00000E+00   0.00000E+00
       4   0.15000E+00   0.00000E+00   0.00000E+00   0.00000E+00   0.00000E+00
       5   0.20000E+00   0.00000E+00   0.00000E+00   0.00000E+00   0.00000E+00
       6   0.25000E+00   0.00000E+00   0.00000E+00   0.00000E+00   0.00000E+00
       7   0.30000E+00   0.00000E+00   0.00000E+00   0.00000E+00   0.00000E+00
       8   0.35000E+00   0.00000E+00   0.00000E+00   0.00000E+00   0.00000E+00
       9   0.40000E+00   0.00000E+00   0.00000E+00   0.00000E+00   0.00000E+00
      10   0.45000E+00   0.00000E+00   0.00000E+00   0.00000E+00   0.00000E+00
      11   0.50000E+00   0.00000E+00   0.00000E+00   0.00000E+00   0.00000E+00
      12   0.55000E+00   0.00000E+00   0.00000E+00   0.00000E+00   0.00000E+00
      13   0.60000E+00   0.00000E+00   0.00000E+00   0.00000E+00   0.00000E+00
      14   0.65000E+00   0.00000E+00   0.00000E+00   0.00000E+00   0.00000E+00
      15   0.70000E+00   0.00000E+00   0.00000E+00   0.00000E+00   0.00000E+00
      16   0.75000E+00   0.00000E+00   0.00000E+00   0.00000E+00   0.00000E+00
      17   0.80000E+00   0.00000E+00   0.00000E+00   0.00000E+00   0.00000E+00
      18   0.85000E+00   0.00000E+00   0.00000E+00   0.00000E+00   0.00000E+00
      19   0.90000E+00   0.00000E+00   0.00000E+00   0.00000E+00   0.00000E+00
      20   0.95000E+00   0.00000E+00   0.00000E+00   0.00000E+00   0.00000E+00
      21   0.10000E+01   0.00000E+00   0.00000E+00   0.00000E+00   0.00000E+00
      22   0.00000E+00   0.83333E-01   0.00000E+00   0.00000E+00   0.00000E+00
      23   0.50000E-01   0.83333E-01   0.19836E-05  -0.80463E-04  -0.49609E-04
      24   0.10000E+00   0.83333E-01   0.72021E-05  -0.13069E-03  -0.17155E-03
      25   0.15000E+00   0.83333E-01   0.14124E-04  -0.14992E-03  -0.33719E-03
      26   0.20000E+00   0.83333E-01   0.21491E-04  -0.14901E-03  -0.51139E-03
      27   0.25000E+00   0.83333E-01   0.28506E-04  -0.13564E-03  -0.67926E-03
      28   0.30000E+00   0.83333E-01   0.34666E-04  -0.11446E-03  -0.82543E-03
      29   0.35000E+00   0.83333E-01   0.39671E-04  -0.88715E-04  -0.94531E-03
      30   0.40000E+00   0.83333E-01   0.43340E-04  -0.60282E-04  -0.10324E-02
      31   0.45000E+00   0.83333E-01   0.45575E-04  -0.30451E-04  -0.10861E-02
      32   0.50000E+00   0.83333E-01   0.46325E-04   0.12323E-17  -0.11036E-02
      33   0.55000E+00   0.83333E-01   0.45575E-04   0.30451E-04  -0.10861E-02
      34   0.60000E+00   0.83333E-01   0.43340E-04   0.60282E-04  -0.10324E-02
      35   0.65000E+00   0.83333E-01   0.39671E-04   0.88715E-04  -0.94531E-03
      36   0.70000E+00   0.83333E-01   0.34666E-04   0.11446E-03  -0.82543E-03
      37   0.75000E+00   0.83333E-01   0.28506E-04   0.13564E-03  -0.67926E-03
      38   0.80000E+00   0.83333E-01   0.21491E-04   0.14901E-03  -0.51139E-03
      39   0.85000E+00   0.83333E-01   0.14124E-04   0.14992E-03  -0.33719E-03
      40   0.90000E+00   0.83333E-01   0.72021E-05   0.13069E-03  -0.17155E-03
      41   0.95000E+00   0.83333E-01   0.19836E-05   0.80463E-04  -0.49609E-04
      42   0.10000E+01   0.83333E-01   0.00000E+00   0.00000E+00   0.00000E+00
      43   0.00000E+00   0.16667E+00   0.00000E+00   0.00000E+00   0.00000E+00
      44   0.50000E-01   0.16667E+00   0.67134E-05  -0.26475E-03  -0.67910E-04
      45   0.10000E+00   0.16667E+00   0.23828E-04  -0.41558E-03  -0.22553E-03
      46   0.15000E+00   0.16667E+00   0.46328E-04  -0.47995E-03  -0.43609E-03
      47   0.20000E+00   0.16667E+00   0.70484E-04  -0.48229E-03  -0.66086E-03
      48   0.25000E+00   0.16667E+00   0.93699E-04  -0.44304E-03  -0.88293E-03
      49   0.30000E+00   0.16667E+00   0.11426E-03  -0.37688E-03  -0.10799E-02
      50   0.35000E+00   0.16667E+00   0.13108E-03  -0.29377E-03  -0.12442E-02
      51   0.40000E+00   0.16667E+00   0.14347E-03  -0.20047E-03  -0.13648E-02
      52   0.45000E+00   0.16667E+00   0.15104E-03  -0.10150E-03  -0.14398E-02
      53   0.50000E+00   0.16667E+00   0.15358E-03  -0.36165E-16  -0.14644E-02
      54   0.55000E+00   0.16667E+00   0.15104E-03   0.10150E-03  -0.14398E-02
      55   0.60000E+00   0.16667E+00   0.14347E-03   0.20047E-03  -0.13648E-02
      56   0.65000E+00   0.16667E+00   0.13108E-03   0.29377E-03  -0.12442E-02
      57   0.70000E+00   0.16667E+00   0.11426E-03   0.37688E-03  -0.10799E-02
      58   0.75000E+00   0.16667E+00   0.93699E-04   0.44304E-03  -0.88293E-03
      59   0.80000E+00   0.16667E+00   0.70484E-04   0.48229E-03  -0.66086E-03
      60   0.85000E+00   0.16667E+00   0.46328E-04   0.47995E-03  -0.43609E-03
      61   0.90000E+00   0.16667E+00   0.23828E-04   0.41558E-03  -0.22553E-03
      62   0.95000E+00   0.16667E+00   0.67134E-05   0.26475E-03  -0.67910E-04
      63   0.10000E+01   0.16667E+00   0.00000E+00   0.00000E+00   0.00000E+00
      64   0.00000E+00   0.25000E+00   0.00000E+00   0.00000E+00   0.00000E+00
      65   0.50000E-01   0.25000E+00   0.11771E-04  -0.46571E-03  -0.58208E-04
      66   0.10000E+00   0.25000E+00   0.41667E-04  -0.72764E-03  -0.20113E-03
      67   0.15000E+00   0.25000E+00   0.80960E-04  -0.84343E-03  -0.39631E-03
      68   0.20000E+00   0.25000E+00   0.12339E-03  -0.85411E-03  -0.60637E-03
      69   0.25000E+00   0.25000E+00   0.16450E-03  -0.79080E-03  -0.81525E-03
      70   0.30000E+00   0.25000E+00   0.20118E-03  -0.67726E-03  -0.10026E-02
      71   0.35000E+00   0.25000E+00   0.23136E-03  -0.53073E-03  -0.11601E-02
      72   0.40000E+00   0.25000E+00   0.25371E-03  -0.36356E-03  -0.12767E-02
      73   0.45000E+00   0.25000E+00   0.26740E-03  -0.18448E-03  -0.13495E-02
      74   0.50000E+00   0.25000E+00   0.27201E-03   0.10174E-15  -0.13734E-02
      75   0.55000E+00   0.25000E+00   0.26740E-03   0.18448E-03  -0.13495E-02
      76   0.60000E+00   0.25000E+00   0.25371E-03   0.36356E-03  -0.12767E-02
      77   0.65000E+00   0.25000E+00   0.23136E-03   0.53073E-03  -0.11601E-02
      78   0.70000E+00   0.25000E+00   0.20118E-03   0.67726E-03  -0.10026E-02
      79   0.75000E+00   0.25000E+00   0.16450E-03   0.79080E-03  -0.81525E-03
      80   0.80000E+00   0.25000E+00   0.12339E-03   0.85411E-03  -0.60637E-03
      81   0.85000E+00   0.25000E+00   0.80960E-04   0.84343E-03  -0.39631E-03
      82   0.90000E+00   0.25000E+00   0.41667E-04   0.72764E-03  -0.20113E-03
      83   0.95000E+00   0.25000E+00   0.11771E-04   0.46571E-03  -0.58208E-04
      84   0.10000E+01   0.25000E+00   0.00000E+00   0.00000E+00   0.00000E+00
      85   0.00000E+00   0.33333E+00   0.00000E+00   0.00000E+00   0.00000E+00
      86   0.50000E-01   0.33333E+00   0.15783E-04  -0.62354E-03  -0.41819E-04
      87   0.10000E+00   0.33333E+00   0.56098E-04  -0.98135E-03  -0.14442E-03
      88   0.15000E+00   0.33333E+00   0.10940E-03  -0.11434E-02  -0.28740E-03
      89   0.20000E+00   0.33333E+00   0.16723E-03  -0.11637E-02  -0.44402E-03
      90   0.25000E+00   0.33333E+00   0.22352E-03  -0.10829E-02  -0.60085E-03
      91   0.30000E+00   0.33333E+00   0.27399E-03  -0.93154E-03  -0.74237E-03
      92   0.35000E+00   0.33333E+00   0.31567E-03  -0.73266E-03  -0.86179E-03
      93   0.40000E+00   0.33333E+00   0.34663E-03  -0.50322E-03  -0.95060E-03
      94   0.45000E+00   0.33333E+00   0.36563E-03  -0.25576E-03  -0.10061E-02
      95   0.50000E+00   0.33333E+00   0.37204E-03   0.40313E-15  -0.10245E-02
      96   0.55000E+00   0.33333E+00   0.36563E-03   0.25576E-03  -0.10061E-02
      97   0.60000E+00   0.33333E+00   0.34663E-03   0.50322E-03  -0.95060E-03
      98   0.65000E+00   0.33333E+00   0.31567E-03   0.73266E-03  -0.86179E-03
      99   0.70000E+00   0.33333E+00   0.27399E-03   0.93154E-03  -0.74237E-03
     100   0.75000E+00   0.33333E+00   0.22352E-03   0.10829E-02  -0.60085E-03
     101   0.80000E+00   0.33333E+00   0.16723E-03   0.11637E-02  -0.44402E-03
     102   0.85000E+00   0.33333E+00   0.10940E-03   0.11434E-02  -0.28740E-03
     103   0.90000E+00   0.33333E+00   0.56098E-04   0.98135E-03  -0.14442E-03
     104   0.95000E+00   0.33333E+00   0.15783E-04   0.62354E-03  -0.41819E-04
     105   0.10000E+01   0.33333E+00   0.00000E+00   0.00000E+00   0.00000E+00
     106   0.00000E+00   0.41667E+00   0.00000E+00   0.00000E+00   0.00000E+00
     107   0.50000E-01   0.41667E+00   0.18315E-04  -0.72488E-03  -0.21317E-04
     108   0.10000E+00   0.41667E+00   0.65240E-04  -0.11471E-02  -0.74562E-04
     109   0.15000E+00   0.41667E+00   0.12755E-03  -0.13422E-02  -0.14918E-03
     110   0.20000E+00   0.41667E+00   0.19541E-03  -0.13705E-02  -0.23150E-03
     111   0.25000E+00   0.41667E+00   0.26167E-03  -0.12787E-02  -0.31456E-03
     112   0.30000E+00   0.41667E+00   0.32122E-03  -0.11026E-02  -0.38986E-03
     113   0.35000E+00   0.41667E+00   0.37051E-03  -0.86881E-03  -0.45356E-03
     114   0.40000E+00   0.41667E+00   0.40718E-03  -0.59756E-03  -0.50103E-03
     115   0.45000E+00   0.41667E+00   0.42972E-03  -0.30397E-03  -0.53073E-03
     116   0.50000E+00   0.41667E+00   0.43731E-03   0.73046E-15  -0.54055E-03
     117   0.55000E+00   0.41667E+00   0.42972E-03   0.30397E-03  -0.53073E-03
     118   0.60000E+00   0.41667E+00   0.40718E-03   0.59756E-03  -0.50103E-03
     119   0.65000E+00   0.41667E+00   0.37051E-03   0.86881E-03  -0.45356E-03
     120   0.70000E+00   0.41667E+00   0.32122E-03   0.11026E-02  -0.38986E-03
     121   0.75000E+00   0.41667E+00   0.26167E-03   0.12787E-02  -0.31456E-03
     122   0.80000E+00   0.41667E+00   0.19541E-03   0.13705E-02  -0.23150E-03
     123   0.85000E+00   0.41667E+00   0.12755E-03   0.13422E-02  -0.14918E-03
     124   0.90000E+00   0.41667E+00   0.65240E-04   0.11471E-02  -0.74562E-04
     125   0.95000E+00   0.41667E+00   0.18315E-04   0.72488E-03  -0.21317E-04
     126   0.10000E+01   0.41667E+00   0.00000E+00   0.00000E+00   0.00000E+00
     127   0.00000E+00   0.50000E+00   0.00000E+00   0.00000E+00   0.00000E+00
     128   0.50000E-01   0.50000E+00   0.19169E-04  -0.75776E-03  -0.13074E-16
     129   0.10000E+00   0.50000E+00   0.68351E-04  -0.12008E-02  -0.51840E-16
     130   0.15000E+00   0.50000E+00   0.13375E-03  -0.14071E-02  -0.82830E-16
     131   0.20000E+00   0.50000E+00   0.20507E-03  -0.14387E-02  -0.71849E-16
     132   0.25000E+00   0.50000E+00   0.27478E-03  -0.13438E-02  -0.30943E-16
     133   0.30000E+00   0.50000E+00   0.33748E-03  -0.11596E-02   0.13789E-15
     134   0.35000E+00   0.50000E+00   0.38942E-03  -0.91437E-03   0.28921E-15
     135   0.40000E+00   0.50000E+00   0.42807E-03  -0.62920E-03   0.48535E-15
     136   0.45000E+00   0.50000E+00   0.45184E-03  -0.32016E-03   0.61807E-15
     137   0.50000E+00   0.50000E+00   0.45986E-03   0.77212E-15   0.60269E-15
     138   0.55000E+00   0.50000E+00   0.45184E-03   0.32016E-03   0.54150E-15
     139   0.60000E+00   0.50000E+00   0.42807E-03   0.62920E-03   0.45624E-15
     140   0.65000E+00   0.50000E+00   0.38942E-03   0.91437E-03   0.46645E-15
     141   0.70000E+00   0.50000E+00   0.33748E-03   0.11596E-02   0.32865E-15
     142   0.75000E+00   0.50000E+00   0.27478E-03   0.13438E-02   0.28391E-15
     143   0.80000E+00   0.50000E+00   0.20507E-03   0.14387E-02   0.17643E-15
     144   0.85000E+00   0.50000E+00   0.13375E-03   0.14071E-02   0.13253E-15
     145   0.90000E+00   0.50000E+00   0.68351E-04   0.12008E-02   0.56492E-16
     146   0.95000E+00   0.50000E+00   0.19169E-04   0.75776E-03   0.24918E-16
     147   0.10000E+01   0.50000E+00   0.00000E+00   0.00000E+00   0.00000E+00
     148   0.00000E+00   0.58333E+00   0.00000E+00   0.00000E+00   0.00000E+00
     149   0.50000E-01   0.58333E+00   0.18315E-04  -0.72488E-03   0.21317E-04
     150   0.10000E+00   0.58333E+00   0.65240E-04  -0.11471E-02   0.74562E-04
     151   0.15000E+00   0.58333E+00   0.12755E-03  -0.13422E-02   0.14918E-03
     152   0.20000E+00   0.58333E+00   0.19541E-03  -0.13705E-02   0.23150E-03
     153   0.25000E+00   0.58333E+00   0.26167E-03  -0.12787E-02   0.31456E-03
     154   0.30000E+00   0.58333E+00   0.32122E-03  -0.11026E-02   0.38986E-03
     155   0.35000E+00   0.58333E+00   0.37051E-03  -0.86881E-03   0.45356E-03
     156   0.40000E+00   0.58333E+00   0.40718E-03  -0.59756E-03   0.50103E-03
     157   0.45000E+00   0.58333E+00   0.42972E-03  -0.30397E-03   0.53073E-03
     158   0.50000E+00   0.58333E+00   0.43731E-03   0.61262E-15   0.54055E-03
     159   0.55000E+00   0.58333E+00   0.42972E-03   0.30397E-03   0.53073E-03
     160   0.60000E+00   0.58333E+00   0.40718E-03   0.59756E-03   0.50103E-03
     161   0.65000E+00   0.58333E+00   0.37051E-03   0.86881E-03   0.45356E-03
     162   0.70000E+00   0.58333E+00   0.32122E-03   0.11026E-02   0.38986E-03
     163   0.75000E+00   0.58333E+00   0.26167E-03   0.12787E-02   0.31456E-03
     164   0.80000E+00   0.58333E+00   0.19541E-03   0.13705E-02   0.23150E-03
     165   0.85000E+00   0.58333E+00   0.12755E-03   0.13422E-02   0.14918E-03
     166   0.90000E+00   0.58333E+00   0.65240E-04   0.11471E-02   0.74562E-04
     167   0.95000E+00   0.58333E+00   0.18315E-04   0.72488E-03   0.21317E-04
     168   0.10000E+01   0.58333E+00   0.00000E+00   0.00000E+00   0.00000E+00
     169   0.00000E+00   0.66667E+00   0.00000E+00   0.00000E+00   0.00000E+00
     170   0.50000E-01   0.66667E+00   0.15783E-04  -0.62354E-03   0.41819E-04
     171   0.10000E+00   0.66667E+00   0.56098E-04  -0.98135E-03   0.14442E-03
     172   0.15000E+00   0.66667E+00   0.10940E-03  -0.11434E-02   0.28740E-03
     173   0.20000E+00   0.66667E+00   0.16723E-03  -0.11637E-02   0.44402E-03
     174   0.25000E+00   0.66667E+00   0.22352E-03  -0.10829E-02   0.60085E-03
     175   0.30000E+00   0.66667E+00   0.27399E-03  -0.93154E-03   0.74237E-03
     176   0.35000E+00   0.66667E+00   0.31567E-03  -0.73266E-03   0.86179E-03
     177   0.40000E+00   0.66667E+00   0.34663E-03  -0.50322E-03   0.95060E-03
     178   0.45000E+00   0.66667E+00   0.36563E-03  -0.25576E-03   0.10061E-02
     179   0.50000E+00   0.66667E+00   0.37204E-03   0.56820E-15   0.10245E-02
     180   0.55000E+00   0.66667E+00   0.36563E-03   0.25576E-03   0.10061E-02
     181   0.60000E+00   0.66667E+00   0.34663E-03   0.50322E-03   0.95060E-03
     182   0.65000E+00   0.66667E+00   0.31567E-03   0.73266E-03   0.86179E-03
     183   0.70000E+00   0.66667E+00   0.27399E-03   0.93154E-03   0.74237E-03
     184   0.75000E+00   0.66667E+00   0.22352E-03   0.10829E-02   0.60085E-03
     185   0.80000E+00   0.66667E+00   0.16723E-03   0.11637E-02   0.44402E-03
     186   0.85000E+00   0.66667E+00   0.10940E-03   0.11434E-02   0.28740E-03
     187   0.90000E+00   0.66667E+00   0.56098E-04   0.98135E-03   0.14442E-03
     188   0.95000E+00   0.66667E+00   0.15783E-04   0.62354E-03   0.41819E-04
     189   0.10000E+01   0.66667E+00   0.00000E+00   0.00000E+00   0.00000E+00
     190   0.00000E+00   0.75000E+00   0.00000E+00   0.00000E+00   0.00000E+00
     191   0.50000E-01   0.75000E+00   0.11771E-04  -0.46571E-03   0.58208E-04
     192   0.10000E+00   0.75000E+00   0.41667E-04  -0.72764E-03   0.20113E-03
     193   0.15000E+00   0.75000E+00   0.80960E-04  -0.84343E-03   0.39631E-03
     194   0.20000E+00   0.75000E+00   0.12339E-03  -0.85411E-03   0.60637E-03
     195   0.25000E+00   0.75000E+00   0.16450E-03  -0.79080E-03   0.81525E-03
     196   0.30000E+00   0.75000E+00   0.20118E-03  -0.67726E-03   0.10026E-02
     197   0.35000E+00   0.75000E+00   0.23136E-03  -0.53073E-03   0.11601E-02
     198   0.40000E+00   0.75000E+00   0.25371E-03  -0.36356E-03   0.12767E-02
     199   0.45000E+00   0.75000E+00   0.26740E-03  -0.18448E-03   0.13495E-02
     200   0.50000E+00   0.75000E+00   0.27201E-03   0.42986E-15   0.13734E-02
     201   0.55000E+00   0.75000E+00   0.26740E-03   0.18448E-03   0.13495E-02
     202   0.60000E+00   0.75000E+00   0.25371E-03   0.36356E-03   0.12767E-02
     203   0.65000E+00   0.75000E+00   0.23136E-03   0.53073E-03   0.11601E-02
     204   0.70000E+00   0.75000E+00   0.20118E-03   0.67726E-03   0.10026E-02
     205   0.75000E+00   0.75000E+00   0.16450E-03   0.79080E-03   0.81525E-03
     206   0.80000E+00   0.75000E+00   0.12339E-03   0.85411E-03   0.60637E-03
     207   0.85000E+00   0.75000E+00   0.80960E-04   0.84343E-03   0.39631E-03
     208   0.90000E+00   0.75000E+00   0.41667E-04   0.72764E-03   0.20113E-03
     209   0.95000E+00   0.75000E+00   0.11771E-04   0.46571E-03   0.58208E-04
     210   0.10000E+01   0.75000E+00   0.00000E+00   0.00000E+00   0.00000E+00
     211   0.00000E+00   0.83333E+00   0.00000E+00   0.00000E+00   0.00000E+00
     212   0.50000E-01   0.83333E+00   0.67134E-05  -0.26475E-03   0.67910E-04
     213   0.10000E+00   0.83333E+00   0.23828E-04  -0.41558E-03   0.22553E-03
     214   0.15000E+00   0.83333E+00   0.46328E-04  -0.47995E-03   0.43609E-03
     215   0.20000E+00   0.83333E+00   0.70484E-04  -0.48229E-03   0.66086E-03
     216   0.25000E+00   0.83333E+00   0.93699E-04  -0.44304E-03   0.88293E-03
     217   0.30000E+00   0.83333E+00   0.11426E-03  -0.37688E-03   0.10799E-02
     218   0.35000E+00   0.83333E+00   0.13108E-03  -0.29377E-03   0.12442E-02
     219   0.40000E+00   0.83333E+00   0.14347E-03  -0.20047E-03   0.13648E-02
     220   0.45000E+00   0.83333E+00   0.15104E-03  -0.10150E-03   0.14398E-02
     221   0.50000E+00   0.83333E+00   0.15358E-03   0.21303E-15   0.14644E-02
     222   0.55000E+00   0.83333E+00   0.15104E-03   0.10150E-03   0.14398E-02
     223   0.60000E+00   0.83333E+00   0.14347E-03   0.20047E-03   0.13648E-02
     224   0.65000E+00   0.83333E+00   0.13108E-03   0.29377E-03   0.12442E-02
     225   0.70000E+00   0.83333E+00   0.11426E-03   0.37688E-03   0.10799E-02
     226   0.75000E+00   0.83333E+00   0.93699E-04   0.44304E-03   0.88293E-03
     227   0.80000E+00   0.83333E+00   0.70484E-04   0.48229E-03   0.66086E-03
     228   0.85000E+00   0.83333E+00   0.46328E-04   0.47995E-03   0.43609E-03
     229   0.90000E+00   0.83333E+00   0.23828E-04   0.41558E-03   0.22553E-03
     230   0.95000E+00   0.83333E+00   0.67134E-05   0.26475E-03   0.67910E-04
     231   0.10000E+01   0.83333E+00   0.00000E+00   0.00000E+00   0.00000E+00
     232   0.00000E+00   0.91667E+00   0.00000E+00   0.00000E+00   0.00000E+00
     233   0.50000E-01   0.91667E+00   0.19836E-05  -0.80463E-04   0.49609E-04
     234   0.10000E+00   0.91667E+00   0.72021E-05  -0.13069E-03   0.17155E-03
     235   0.15000E+00   0.91667E+00   0.14124E-04  -0.14992E-03   0.33719E-03
     236   0.20000E+00   0.91667E+00   0.21491E-04  -0.14901E-03   0.51139E-03
     237   0.25000E+00   0.91667E+00   0.28506E-04  -0.13564E-03   0.67926E-03
     238   0.30000E+00   0.91667E+00   0.34666E-04  -0.11446E-03   0.82543E-03
     239   0.35000E+00   0.91667E+00   0.39671E-04  -0.88715E-04   0.94531E-03
     240   0.40000E+00   0.91667E+00   0.43340E-04  -0.60282E-04   0.10324E-02
     241   0.45000E+00   0.91667E+00   0.45575E-04  -0.30451E-04   0.10861E-02
     242   0.50000E+00   0.91667E+00   0.46325E-04   0.64363E-16   0.11036E-02
     243   0.55000E+00   0.91667E+00   0.45575E-04   0.30451E-04   0.10861E-02
     244   0.60000E+00   0.91667E+00   0.43340E-04   0.60282E-04   0.10324E-02
     245   0.65000E+00   0.91667E+00   0.39671E-04   0.88715E-04   0.94531E-03
     246   0.70000E+00   0.91667E+00   0.34666E-04   0.11446E-03   0.82543E-03
     247   0.75000E+00   0.91667E+00   0.28506E-04   0.13564E-03   0.67926E-03
     248   0.80000E+00   0.91667E+00   0.21491E-04   0.14901E-03   0.51139E-03
     249   0.85000E+00   0.91667E+00   0.14124E-04   0.14992E-03   0.33719E-03
     250   0.90000E+00   0.91667E+00   0.72021E-05   0.13069E-03   0.17155E-03
     251   0.95000E+00   0.91667E+00   0.19836E-05   0.80463E-04   0.49609E-04
     252   0.10000E+01   0.91667E+00   0.00000E+00   0.00000E+00   0.00000E+00
     253   0.00000E+00   0.10000E+01   0.00000E+00   0.00000E+00   0.00000E+00
     254   0.50000E-01   0.10000E+01   0.00000E+00   0.00000E+00   0.00000E+00
     255   0.10000E+00   0.10000E+01   0.00000E+00   0.00000E+00   0.00000E+00
     256   0.15000E+00   0.10000E+01   0.00000E+00   0.00000E+00   0.00000E+00
     257   0.20000E+00   0.10000E+01   0.00000E+00   0.00000E+00   0.00000E+00
     258   0.25000E+00   0.10000E+01   0.00000E+00   0.00000E+00   0.00000E+00
     259   0.30000E+00   0.10000E+01   0.00000E+00   0.00000E+00   0.00000E+00
     260   0.35000E+00   0.10000E+01   0.00000E+00   0.00000E+00   0.00000E+00
     261   0.40000E+00   0.10000E+01   0.00000E+00   0.00000E+00   0.00000E+00
     262   0.45000E+00   0.10000E+01   0.00000E+00   0.00000E+00   0.00000E+00
     263   0.50000E+00   0.10000E+01   0.00000E+00   0.00000E+00   0.00000E+00
     264   0.55000E+00   0.10000E+01   0.00000E+00   0.00000E+00   0.00000E+00
     265   0.60000E+00   0.10000E+01   0.00000E+00   0.00000E+00   0.00000E+00
     266   0.65000E+00   0.10000E+01   0.00000E+00   0.00000E+00   0.00000E+00
     267   0.70000E+00   0.10000E+01   0.00000E+00   0.00000E+00   0.00000E+00
     268   0.75000E+00   0.10000E+01   0.00000E+00   0.00000E+00   0.00000E+00
     269   0.80000E+00   0.10000E+01   0.00000E+00   0.00000E+00   0.00000E+00
     270   0.85000E+00   0.10000E+01   0.00000E+00   0.00000E+00   0.00000E+00
     271   0.90000E+00   0.10000E+01   0.00000E+00   0.00000E+00   0.00000E+00
     272   0.95000E+00   0.10000E+01   0.00000E+00   0.00000E+00   0.00000E+00
     273   0.10000E+01   0.10000E+01   0.00000E+00   0.00000E+00   0.00000E+00
  _____________________________________________________________________________

